<?xml version="1.0" encoding="UTF-8"?>
<testng-results skipped="0" failed="0" ignored="8" total="159" passed="151">
  <reporter-output>
  </reporter-output>
  <suite name="Surefire suite" duration-ms="107035" started-at="2018-02-05T10:29:47Z" finished-at="2018-02-05T10:31:34Z">
    <groups>
    </groups>
    <test name="Surefire test" duration-ms="107035" started-at="2018-02-05T10:29:47Z" finished-at="2018-02-05T10:31:34Z">
      <class name="stepDefinition.AddNewContractOfStorage">
        <test-method status="PASS" signature="waitSecond()[pri:0, instance:stepDefinition.AddNewContractOfStorage@6892cc6f]" name="waitSecond" is-config="true" duration-ms="3017" started-at="2018-02-05T13:30:38Z" finished-at="2018-02-05T13:30:41Z">
          <reporter-output>
          </reporter-output>
        </test-method> <!-- waitSecond -->
        <test-method status="PASS" signature="checkPageName(java.lang.String)[pri:0, instance:stepDefinition.AddNewContractOfStorage@6892cc6f]" name="checkPageName" duration-ms="63" started-at="2018-02-05T13:30:41Z" data-provider="checkPageName" finished-at="2018-02-05T13:30:41Z">
          <params>
            <param index="0">
              <value>
                <![CDATA[Вход в систему]]>
              </value>
            </param>
          </params>
          <reporter-output>
          </reporter-output>
        </test-method> <!-- checkPageName -->
        <test-method status="PASS" signature="userFillsValidLogin(java.lang.String, java.lang.String)[pri:0, instance:stepDefinition.AddNewContractOfStorage@6892cc6f]" name="userFillsValidLogin" duration-ms="129" started-at="2018-02-05T13:30:41Z" data-provider="userFillsValidLogin" depends-on-methods="helper.InitialSteps.checkPageName" finished-at="2018-02-05T13:30:41Z">
          <params>
            <param index="0">
              <value>
                <![CDATA[j_username]]>
              </value>
            </param>
            <param index="1">
              <value>
                <![CDATA[sua_all]]>
              </value>
            </param>
          </params>
          <reporter-output>
          </reporter-output>
        </test-method> <!-- userFillsValidLogin -->
        <test-method status="PASS" signature="userFillsValidPassword(java.lang.String, java.lang.String)[pri:0, instance:stepDefinition.AddNewContractOfStorage@6892cc6f]" name="userFillsValidPassword" duration-ms="111" started-at="2018-02-05T13:30:41Z" data-provider="userFillsValidPassword" depends-on-methods="stepDefinition.AddNewContractOfStorage.userFillsValidLogin" finished-at="2018-02-05T13:30:41Z">
          <params>
            <param index="0">
              <value>
                <![CDATA[j_password]]>
              </value>
            </param>
            <param index="1">
              <value>
                <![CDATA[Q1w2e3r4]]>
              </value>
            </param>
          </params>
          <reporter-output>
          </reporter-output>
        </test-method> <!-- userFillsValidPassword -->
        <test-method status="PASS" signature="userPushEnterButton(java.lang.String)[pri:0, instance:stepDefinition.AddNewContractOfStorage@6892cc6f]" name="userPushEnterButton" duration-ms="2034" started-at="2018-02-05T13:30:41Z" data-provider="userPushEnterButton" depends-on-methods="stepDefinition.AddNewContractOfStorage.userFillsValidPassword" finished-at="2018-02-05T13:30:44Z">
          <params>
            <param index="0">
              <value>
                <![CDATA[Войти]]>
              </value>
            </param>
          </params>
          <reporter-output>
          </reporter-output>
        </test-method> <!-- userPushEnterButton -->
        <test-method status="PASS" signature="checkModalWindowName(java.lang.String)[pri:0, instance:stepDefinition.AddNewContractOfStorage@6892cc6f]" name="checkModalWindowName" duration-ms="62" started-at="2018-02-05T13:30:44Z" data-provider="checkModalWindowName" depends-on-methods="stepDefinition.AddNewContractOfStorage.userPushEnterButton" finished-at="2018-02-05T13:30:44Z">
          <params>
            <param index="0">
              <value>
                <![CDATA[Выбор финансовой организации]]>
              </value>
            </param>
          </params>
          <reporter-output>
          </reporter-output>
        </test-method> <!-- checkModalWindowName -->
        <test-method status="PASS" signature="userChooseOrganization(java.lang.String)[pri:0, instance:stepDefinition.AddNewContractOfStorage@6892cc6f]" name="userChooseOrganization" duration-ms="53" started-at="2018-02-05T13:30:44Z" data-provider="userChooseOrganization" depends-on-methods="stepDefinition.AddNewContractOfStorage.checkModalWindowName" finished-at="2018-02-05T13:30:44Z">
          <params>
            <param index="0">
              <value>
                <![CDATA[10]]>
              </value>
            </param>
          </params>
          <reporter-output>
          </reporter-output>
        </test-method> <!-- userChooseOrganization -->
        <test-method status="PASS" signature="pushChooseButton(java.lang.String)[pri:0, instance:stepDefinition.AddNewContractOfStorage@6892cc6f]" name="pushChooseButton" duration-ms="80" started-at="2018-02-05T13:30:44Z" data-provider="pushChooseButton" depends-on-methods="stepDefinition.AddNewContractOfStorage.userChooseOrganization" finished-at="2018-02-05T13:30:44Z">
          <params>
            <param index="0">
              <value>
                <![CDATA[Выбрать]]>
              </value>
            </param>
          </params>
          <reporter-output>
          </reporter-output>
        </test-method> <!-- pushChooseButton -->
        <test-method status="PASS" signature="checkLogoName(java.lang.String)[pri:0, instance:stepDefinition.AddNewContractOfStorage@6892cc6f]" name="checkLogoName" duration-ms="106" started-at="2018-02-05T13:30:44Z" data-provider="checkLogoName" depends-on-methods="stepDefinition.AddNewContractOfStorage.pushChooseButton" finished-at="2018-02-05T13:30:44Z">
          <params>
            <param index="0">
              <value>
                <![CDATA[Агентство по страхованию вкладов]]>
              </value>
            </param>
          </params>
          <reporter-output>
          </reporter-output>
        </test-method> <!-- checkLogoName -->
        <test-method status="PASS" signature="checkOrganizationName(java.lang.String)[pri:0, instance:stepDefinition.AddNewContractOfStorage@6892cc6f]" name="checkOrganizationName" duration-ms="802" started-at="2018-02-05T13:30:44Z" data-provider="checkOrganizationName" depends-on-methods="stepDefinition.AddNewContractOfStorage.pushChooseButton" finished-at="2018-02-05T13:30:45Z">
          <params>
            <param index="0">
              <value>
                <![CDATA[10]]>
              </value>
            </param>
          </params>
          <reporter-output>
          </reporter-output>
        </test-method> <!-- checkOrganizationName -->
        <test-method status="PASS" signature="pushCollectionAndMaintenanceofData(java.lang.String)[pri:0, instance:stepDefinition.AddNewContractOfStorage@6892cc6f]" name="pushCollectionAndMaintenanceofData" duration-ms="3142" started-at="2018-02-05T13:30:45Z" data-provider="pushCollectionAndMaintenanceofData" depends-on-methods="stepDefinition.AddNewContractOfStorage.checkOrganizationName" finished-at="2018-02-05T13:30:48Z">
          <params>
            <param index="0">
              <value>
                <![CDATA[Сбор и ведение данных]]>
              </value>
            </param>
          </params>
          <reporter-output>
          </reporter-output>
        </test-method> <!-- pushCollectionAndMaintenanceofData -->
        <test-method status="PASS" signature="pushDocumentsDLKO(java.lang.String)[pri:0, instance:stepDefinition.AddNewContractOfStorage@6892cc6f]" name="pushDocumentsDLKO" duration-ms="88" started-at="2018-02-05T13:30:48Z" data-provider="pushDocumentsDLKO" depends-on-methods="stepDefinition.AddNewContractOfStorage.pushCollectionAndMaintenanceofData" finished-at="2018-02-05T13:30:48Z">
          <params>
            <param index="0">
              <value>
                <![CDATA[Документы ДЛКО]]>
              </value>
            </param>
          </params>
          <reporter-output>
          </reporter-output>
        </test-method> <!-- pushDocumentsDLKO -->
        <test-method status="PASS" signature="checkDocumentsDLKO(java.lang.String)[pri:0, instance:stepDefinition.AddNewContractOfStorage@6892cc6f]" name="checkDocumentsDLKO" duration-ms="1068" started-at="2018-02-05T13:30:48Z" data-provider="pushDocumentsDLKO" depends-on-methods="stepDefinition.AddNewContractOfStorage.pushDocumentsDLKO" finished-at="2018-02-05T13:30:49Z">
          <params>
            <param index="0">
              <value>
                <![CDATA[Документы ДЛКО]]>
              </value>
            </param>
          </params>
          <reporter-output>
          </reporter-output>
        </test-method> <!-- checkDocumentsDLKO -->
        <test-method status="PASS" signature="pushSearchIcon()[pri:0, instance:stepDefinition.AddNewContractOfStorage@6892cc6f]" name="pushSearchIcon" duration-ms="4101" started-at="2018-02-05T13:30:49Z" depends-on-methods="stepDefinition.AddNewContractOfStorage.checkDocumentsDLKO" finished-at="2018-02-05T13:30:53Z">
          <reporter-output>
          </reporter-output>
        </test-method> <!-- pushSearchIcon -->
        <test-method status="PASS" signature="checkSearchWindow(java.lang.String)[pri:0, instance:stepDefinition.AddNewContractOfStorage@6892cc6f]" name="checkSearchWindow" duration-ms="112" started-at="2018-02-05T13:30:53Z" data-provider="checkSearchWindow" depends-on-methods="stepDefinition.AddNewContractOfStorage.pushSearchIcon" finished-at="2018-02-05T13:30:53Z">
          <params>
            <param index="0">
              <value>
                <![CDATA[Поиск...]]>
              </value>
            </param>
          </params>
          <reporter-output>
          </reporter-output>
        </test-method> <!-- checkSearchWindow -->
        <test-method status="PASS" signature="pushFirstSearchOptionForDLKO(java.lang.String)[pri:0, instance:stepDefinition.AddNewContractOfStorage@6892cc6f]" name="pushFirstSearchOptionForDLKO" duration-ms="41" started-at="2018-02-05T13:30:53Z" data-provider="pushFirstSearchOptionForDLKO" depends-on-methods="stepDefinition.AddNewContractOfStorage.checkSearchWindow" finished-at="2018-02-05T13:30:53Z">
          <params>
            <param index="0">
              <value>
                <![CDATA[Номер лицевого счёта]]>
              </value>
            </param>
          </params>
          <reporter-output>
          </reporter-output>
        </test-method> <!-- pushFirstSearchOptionForDLKO -->
        <test-method status="PASS" signature="pushSecondSearchOptionForDLKO(java.lang.String)[pri:0, instance:stepDefinition.AddNewContractOfStorage@6892cc6f]" name="pushSecondSearchOptionForDLKO" duration-ms="62" started-at="2018-02-05T13:30:53Z" data-provider="pushSecondSearchOptionForDLKO" depends-on-methods="stepDefinition.AddNewContractOfStorage.pushFirstSearchOptionForDLKO" finished-at="2018-02-05T13:30:53Z">
          <params>
            <param index="0">
              <value>
                <![CDATA[равно]]>
              </value>
            </param>
          </params>
          <reporter-output>
          </reporter-output>
        </test-method> <!-- pushSecondSearchOptionForDLKO -->
        <test-method status="PASS" signature="fillsSearchOptionForDLKO(java.lang.String)[pri:0, instance:stepDefinition.AddNewContractOfStorage@6892cc6f]" name="fillsSearchOptionForDLKO" duration-ms="207" started-at="2018-02-05T13:30:53Z" data-provider="fillsSearchOptionToCheck" depends-on-methods="stepDefinition.AddNewContractOfStorage.pushSecondSearchOptionForDLKO" finished-at="2018-02-05T13:30:53Z">
          <params>
            <param index="0">
              <value>
                <![CDATA[20202810011223344332]]>
              </value>
            </param>
          </params>
          <reporter-output>
          </reporter-output>
        </test-method> <!-- fillsSearchOptionForDLKO -->
        <test-method status="PASS" signature="pushSearchButton(java.lang.String)[pri:0, instance:stepDefinition.AddNewContractOfStorage@6892cc6f]" name="pushSearchButton" duration-ms="152" started-at="2018-02-05T13:30:53Z" data-provider="pushSearchButton" depends-on-methods="stepDefinition.AddNewContractOfStorage.fillsSearchOptionForDLKO, stepDefinition.AddNewContractOfStorage.pushSecondSearchOptionForDLKO, stepDefinition.AddNewContractOfStorage.pushFirstSearchOptionForDLKO" finished-at="2018-02-05T13:30:54Z">
          <params>
            <param index="0">
              <value>
                <![CDATA[Найти]]>
              </value>
            </param>
          </params>
          <reporter-output>
          </reporter-output>
        </test-method> <!-- pushSearchButton -->
        <test-method status="PASS" signature="checkPresenseOfElements(java.lang.String)[pri:0, instance:stepDefinition.AddNewContractOfStorage@6892cc6f]" name="checkPresenseOfElements" duration-ms="1056" started-at="2018-02-05T13:30:54Z" data-provider="checkPresenseOfAsset" depends-on-methods="stepDefinition.AddNewContractOfStorage.pushSearchButton" finished-at="2018-02-05T13:30:55Z">
          <params>
            <param index="0">
              <value>
                <![CDATA[20202810011223344332]]>
              </value>
            </param>
          </params>
          <reporter-output>
          </reporter-output>
        </test-method> <!-- checkPresenseOfElements -->
        <test-method status="PASS" signature="pushCheckBox()[pri:0, instance:stepDefinition.AddNewContractOfStorage@6892cc6f]" name="pushCheckBox" duration-ms="78" started-at="2018-02-05T13:30:55Z" depends-on-methods="stepDefinition.AddNewContractOfStorage.checkPresenseOfElements" finished-at="2018-02-05T13:30:55Z">
          <reporter-output>
          </reporter-output>
        </test-method> <!-- pushCheckBox -->
        <test-method status="PASS" signature="pushStorageButton(java.lang.String)[pri:0, instance:stepDefinition.AddNewContractOfStorage@6892cc6f]" name="pushStorageButton" duration-ms="86" started-at="2018-02-05T13:30:55Z" data-provider="pushStorageButton" depends-on-methods="stepDefinition.AddNewContractOfStorage.pushCheckBox" finished-at="2018-02-05T13:30:55Z">
          <params>
            <param index="0">
              <value>
                <![CDATA[Хранение]]>
              </value>
            </param>
          </params>
          <reporter-output>
          </reporter-output>
        </test-method> <!-- pushStorageButton -->
        <test-method status="PASS" signature="mouseOnCreateDocumentButton()[pri:0, instance:stepDefinition.AddNewContractOfStorage@6892cc6f]" name="mouseOnCreateDocumentButton" duration-ms="83" started-at="2018-02-05T13:30:55Z" depends-on-methods="stepDefinition.AddNewContractOfStorage.pushStorageButton" finished-at="2018-02-05T13:30:55Z">
          <reporter-output>
          </reporter-output>
        </test-method> <!-- mouseOnCreateDocumentButton -->
        <test-method status="PASS" signature="pushDocumentWithBank()[pri:0, instance:stepDefinition.AddNewContractOfStorage@6892cc6f]" name="pushDocumentWithBank" duration-ms="82" started-at="2018-02-05T13:30:55Z" depends-on-methods="stepDefinition.AddNewContractOfStorage.mouseOnCreateDocumentButton" finished-at="2018-02-05T13:30:55Z">
          <reporter-output>
          </reporter-output>
        </test-method> <!-- pushDocumentWithBank -->
        <test-method status="PASS" signature="checkCreatingStrorageDocumentName(java.lang.String)[pri:0, instance:stepDefinition.AddNewContractOfStorage@6892cc6f]" name="checkCreatingStrorageDocumentName" duration-ms="1062" started-at="2018-02-05T13:30:55Z" data-provider="checkCreatingStrorageDocumentName" depends-on-methods="stepDefinition.AddNewContractOfStorage.pushDocumentWithBank" finished-at="2018-02-05T13:30:56Z">
          <params>
            <param index="0">
              <value>
                <![CDATA[Ввод договора хранения]]>
              </value>
            </param>
          </params>
          <reporter-output>
          </reporter-output>
        </test-method> <!-- checkCreatingStrorageDocumentName -->
        <test-method status="PASS" signature="checkFieldsDisabled()[pri:0, instance:stepDefinition.AddNewContractOfStorage@6892cc6f]" name="checkFieldsDisabled" duration-ms="61" started-at="2018-02-05T13:30:56Z" depends-on-methods="stepDefinition.AddNewContractOfStorage.checkCreatingStrorageDocumentName" finished-at="2018-02-05T13:30:56Z">
          <reporter-output>
          </reporter-output>
        </test-method> <!-- checkFieldsDisabled -->
        <test-method status="PASS" signature="checkFirstDisabled(java.lang.String)[pri:0, instance:stepDefinition.AddNewContractOfStorage@6892cc6f]" name="checkFirstDisabled" duration-ms="1027" started-at="2018-02-05T13:30:56Z" data-provider="checkFirstDisabled" depends-on-methods="stepDefinition.AddNewContractOfStorage.checkFieldsDisabled" finished-at="2018-02-05T13:30:57Z">
          <params>
            <param index="0">
              <value>
                <![CDATA[Договор хранения]]>
              </value>
            </param>
          </params>
          <reporter-output>
          </reporter-output>
        </test-method> <!-- checkFirstDisabled -->
        <test-method status="PASS" signature="checkSecondDisabled(java.lang.String)[pri:0, instance:stepDefinition.AddNewContractOfStorage@6892cc6f]" name="checkSecondDisabled" duration-ms="31" started-at="2018-02-05T13:30:57Z" data-provider="checkSecondDisabled" depends-on-methods="stepDefinition.AddNewContractOfStorage.checkFirstDisabled" finished-at="2018-02-05T13:30:57Z">
          <params>
            <param index="0">
              <value>
                <![CDATA[Договор с банком (ответственное хранение)]]>
              </value>
            </param>
          </params>
          <reporter-output>
          </reporter-output>
        </test-method> <!-- checkSecondDisabled -->
        <test-method status="PASS" signature="checkMainStorageDocumentFields([Ljava.lang.String;)[pri:0, instance:stepDefinition.AddNewContractOfStorage@6892cc6f]" name="checkMainStorageDocumentFields" duration-ms="591" started-at="2018-02-05T13:30:57Z" data-provider="checkMainStorageDocumentFields" depends-on-methods="stepDefinition.AddNewContractOfStorage.checkSecondDisabled" finished-at="2018-02-05T13:30:58Z">
          <params>
            <param index="0">
              <value>
                <![CDATA[[Ljava.lang.String;@4cf1bd4a]]>
              </value>
            </param>
          </params>
          <reporter-output>
          </reporter-output>
        </test-method> <!-- checkMainStorageDocumentFields -->
        <test-method status="PASS" signature="checkBank(java.lang.String)[pri:0, instance:stepDefinition.AddNewContractOfStorage@6892cc6f]" name="checkBank" duration-ms="63" started-at="2018-02-05T13:30:58Z" data-provider="checkBank" depends-on-methods="stepDefinition.AddNewContractOfStorage.checkMainStorageDocumentFields" finished-at="2018-02-05T13:30:58Z">
          <params>
            <param index="0">
              <value>
                <![CDATA[Банк]]>
              </value>
            </param>
          </params>
          <reporter-output>
          </reporter-output>
        </test-method> <!-- checkBank -->
        <test-method status="PASS" signature="checkCheckboxesNames([Ljava.lang.String;)[pri:0, instance:stepDefinition.AddNewContractOfStorage@6892cc6f]" name="checkCheckboxesNames" duration-ms="171" started-at="2018-02-05T13:30:58Z" data-provider="checkCheckboxesNames" depends-on-methods="stepDefinition.AddNewContractOfStorage.checkBank" finished-at="2018-02-05T13:30:58Z">
          <params>
            <param index="0">
              <value>
                <![CDATA[[Ljava.lang.String;@294ebdae]]>
              </value>
            </param>
          </params>
          <reporter-output>
          </reporter-output>
        </test-method> <!-- checkCheckboxesNames -->
        <test-method status="PASS" signature="pushBankName(java.lang.String, java.lang.String)[pri:0, instance:stepDefinition.AddNewContractOfStorage@6892cc6f]" name="pushBankName" duration-ms="111" started-at="2018-02-05T13:30:58Z" data-provider="pushBankName" depends-on-methods="stepDefinition.AddNewContractOfStorage.checkCheckboxesNames" finished-at="2018-02-05T13:30:58Z">
          <params>
            <param index="0">
              <value>
                <![CDATA[bank]]>
              </value>
            </param>
            <param index="1">
              <value>
                <![CDATA[ВТБ]]>
              </value>
            </param>
          </params>
          <reporter-output>
          </reporter-output>
        </test-method> <!-- pushBankName -->
        <test-method status="PASS" signature="pushDocumentNumberName(java.lang.String, java.lang.String)[pri:0, instance:stepDefinition.AddNewContractOfStorage@6892cc6f]" name="pushDocumentNumberName" duration-ms="221" started-at="2018-02-05T13:30:58Z" data-provider="pushDocumentNumberName" depends-on-methods="stepDefinition.AddNewContractOfStorage.pushBankName" finished-at="2018-02-05T13:30:58Z">
          <params>
            <param index="0">
              <value>
                <![CDATA[documentNumber]]>
              </value>
            </param>
            <param index="1">
              <value>
                <![CDATA[88005553535]]>
              </value>
            </param>
          </params>
          <reporter-output>
          </reporter-output>
        </test-method> <!-- pushDocumentNumberName -->
        <test-method status="PASS" signature="pushDocumentDateName(java.lang.String, java.lang.String)[pri:0, instance:stepDefinition.AddNewContractOfStorage@6892cc6f]" name="pushDocumentDateName" duration-ms="340" started-at="2018-02-05T13:30:58Z" data-provider="pushDocumentDateName" depends-on-methods="stepDefinition.AddNewContractOfStorage.pushDocumentNumberName" finished-at="2018-02-05T13:30:59Z">
          <params>
            <param index="0">
              <value>
                <![CDATA[contractDate]]>
              </value>
            </param>
            <param index="1">
              <value>
                <![CDATA[17.02.2018]]>
              </value>
            </param>
          </params>
          <reporter-output>
          </reporter-output>
        </test-method> <!-- pushDocumentDateName -->
        <test-method status="PASS" signature="pushDocumentTimeName(java.lang.String, java.lang.String)[pri:0, instance:stepDefinition.AddNewContractOfStorage@6892cc6f]" name="pushDocumentTimeName" duration-ms="279" started-at="2018-02-05T13:30:59Z" data-provider="pushDocumentTimeName" depends-on-methods="stepDefinition.AddNewContractOfStorage.pushDocumentDateName" finished-at="2018-02-05T13:30:59Z">
          <params>
            <param index="0">
              <value>
                <![CDATA[endDate]]>
              </value>
            </param>
            <param index="1">
              <value>
                <![CDATA[13.04.2018]]>
              </value>
            </param>
          </params>
          <reporter-output>
          </reporter-output>
        </test-method> <!-- pushDocumentTimeName -->
        <test-method status="PASS" signature="pushTerminateDateName(java.lang.String, java.lang.String)[pri:0, instance:stepDefinition.AddNewContractOfStorage@6892cc6f]" name="pushTerminateDateName" duration-ms="344" started-at="2018-02-05T13:30:59Z" data-provider="pushTerminateDateName" depends-on-methods="stepDefinition.AddNewContractOfStorage.pushDocumentTimeName" finished-at="2018-02-05T13:30:59Z">
          <params>
            <param index="0">
              <value>
                <![CDATA[terminatedDate]]>
              </value>
            </param>
            <param index="1">
              <value>
                <![CDATA[16.03.2018]]>
              </value>
            </param>
          </params>
          <reporter-output>
          </reporter-output>
        </test-method> <!-- pushTerminateDateName -->
        <test-method status="PASS" signature="pushCommentName(java.lang.String, java.lang.String)[pri:0, instance:stepDefinition.AddNewContractOfStorage@6892cc6f]" name="pushCommentName" duration-ms="161" started-at="2018-02-05T13:30:59Z" data-provider="pushCommentName" depends-on-methods="stepDefinition.AddNewContractOfStorage.pushTerminateDateName" finished-at="2018-02-05T13:30:59Z">
          <params>
            <param index="0">
              <value>
                <![CDATA[comment]]>
              </value>
            </param>
            <param index="1">
              <value>
                <![CDATA[comment]]>
              </value>
            </param>
          </params>
          <reporter-output>
          </reporter-output>
        </test-method> <!-- pushCommentName -->
        <test-method status="PASS" signature="pushCheckboxes()[pri:0, instance:stepDefinition.AddNewContractOfStorage@6892cc6f]" name="pushCheckboxes" duration-ms="243" started-at="2018-02-05T13:30:59Z" depends-on-methods="stepDefinition.AddNewContractOfStorage.pushCommentName" finished-at="2018-02-05T13:31:00Z">
          <reporter-output>
          </reporter-output>
        </test-method> <!-- pushCheckboxes -->
        <test-method status="PASS" signature="pushChooseAdress(java.lang.String)[pri:0, instance:stepDefinition.AddNewContractOfStorage@6892cc6f]" name="pushChooseAdress" duration-ms="77" started-at="2018-02-05T13:31:00Z" data-provider="pushChooseAdress" depends-on-methods="stepDefinition.AddNewContractOfStorage.pushCheckboxes" finished-at="2018-02-05T13:31:00Z">
          <params>
            <param index="0">
              <value>
                <![CDATA[Выбрать адрес]]>
              </value>
            </param>
          </params>
          <reporter-output>
          </reporter-output>
        </test-method> <!-- pushChooseAdress -->
        <test-method status="PASS" signature="checkAddressForm(java.lang.String)[pri:0, instance:stepDefinition.AddNewContractOfStorage@6892cc6f]" name="checkAddressForm" duration-ms="636" started-at="2018-02-05T13:31:00Z" data-provider="checkAddressForm" depends-on-methods="stepDefinition.AddNewContractOfStorage.pushChooseAdress" finished-at="2018-02-05T13:31:00Z">
          <params>
            <param index="0">
              <value>
                <![CDATA[Ввод адреса по КЛАДР]]>
              </value>
            </param>
          </params>
          <reporter-output>
          </reporter-output>
        </test-method> <!-- checkAddressForm -->
        <test-method status="PASS" signature="pushState(java.lang.String)[pri:0, instance:stepDefinition.AddNewContractOfStorage@6892cc6f]" name="pushState" duration-ms="48" started-at="2018-02-05T13:31:00Z" data-provider="pushState" depends-on-methods="stepDefinition.AddNewContractOfStorage.checkAddressForm" finished-at="2018-02-05T13:31:00Z">
          <params>
            <param index="0">
              <value>
                <![CDATA[Московская обл.]]>
              </value>
            </param>
          </params>
          <reporter-output>
          </reporter-output>
        </test-method> <!-- pushState -->
        <test-method status="PASS" signature="fillRegion(java.lang.String, java.lang.String)[pri:0, instance:stepDefinition.AddNewContractOfStorage@6892cc6f]" name="fillRegion" duration-ms="268" started-at="2018-02-05T13:31:00Z" data-provider="fillRegion" depends-on-methods="stepDefinition.AddNewContractOfStorage.pushState" finished-at="2018-02-05T13:31:01Z">
          <params>
            <param index="0">
              <value>
                <![CDATA[district]]>
              </value>
            </param>
            <param index="1">
              <value>
                <![CDATA[Раменский р-н.]]>
              </value>
            </param>
          </params>
          <reporter-output>
          </reporter-output>
        </test-method> <!-- fillRegion -->
        <test-method status="PASS" signature="fillCity(java.lang.String, java.lang.String)[pri:0, instance:stepDefinition.AddNewContractOfStorage@6892cc6f]" name="fillCity" duration-ms="226" started-at="2018-02-05T13:31:01Z" data-provider="fillCity" depends-on-methods="stepDefinition.AddNewContractOfStorage.fillRegion" finished-at="2018-02-05T13:31:01Z">
          <params>
            <param index="0">
              <value>
                <![CDATA[town]]>
              </value>
            </param>
            <param index="1">
              <value>
                <![CDATA[Раменское г.]]>
              </value>
            </param>
          </params>
          <reporter-output>
          </reporter-output>
        </test-method> <!-- fillCity -->
        <test-method status="PASS" signature="fillSettlement(java.lang.String, java.lang.String)[pri:0, instance:stepDefinition.AddNewContractOfStorage@6892cc6f]" name="fillSettlement" duration-ms="282" started-at="2018-02-05T13:31:01Z" data-provider="fillSettlement" depends-on-methods="stepDefinition.AddNewContractOfStorage.fillCity" finished-at="2018-02-05T13:31:01Z">
          <params>
            <param index="0">
              <value>
                <![CDATA[settlement]]>
              </value>
            </param>
            <param index="1">
              <value>
                <![CDATA[Гостица мкр.]]>
              </value>
            </param>
          </params>
          <reporter-output>
          </reporter-output>
        </test-method> <!-- fillSettlement -->
        <test-method status="PASS" signature="fillStreet(java.lang.String, java.lang.String)[pri:0, instance:stepDefinition.AddNewContractOfStorage@6892cc6f]" name="fillStreet" duration-ms="232" started-at="2018-02-05T13:31:01Z" data-provider="fillStreet" depends-on-methods="stepDefinition.AddNewContractOfStorage.fillSettlement" finished-at="2018-02-05T13:31:01Z">
          <params>
            <param index="0">
              <value>
                <![CDATA[street]]>
              </value>
            </param>
            <param index="1">
              <value>
                <![CDATA[Восточная ул.]]>
              </value>
            </param>
          </params>
          <reporter-output>
          </reporter-output>
        </test-method> <!-- fillStreet -->
        <test-method status="PASS" signature="fillHome(java.lang.String, java.lang.String)[pri:0, instance:stepDefinition.AddNewContractOfStorage@6892cc6f]" name="fillHome" duration-ms="143" started-at="2018-02-05T13:31:01Z" data-provider="fillHome" depends-on-methods="stepDefinition.AddNewContractOfStorage.fillStreet" finished-at="2018-02-05T13:31:02Z">
          <params>
            <param index="0">
              <value>
                <![CDATA[home]]>
              </value>
            </param>
            <param index="1">
              <value>
                <![CDATA[15]]>
              </value>
            </param>
          </params>
          <reporter-output>
          </reporter-output>
        </test-method> <!-- fillHome -->
        <test-method status="PASS" signature="fillIndex(java.lang.String, java.lang.String)[pri:0, instance:stepDefinition.AddNewContractOfStorage@6892cc6f]" name="fillIndex" duration-ms="211" started-at="2018-02-05T13:31:02Z" data-provider="fillIndex" depends-on-methods="stepDefinition.AddNewContractOfStorage.fillHome" finished-at="2018-02-05T13:31:02Z">
          <params>
            <param index="0">
              <value>
                <![CDATA[index]]>
              </value>
            </param>
            <param index="1">
              <value>
                <![CDATA[140148]]>
              </value>
            </param>
          </params>
          <reporter-output>
          </reporter-output>
        </test-method> <!-- fillIndex -->
        <test-method status="PASS" signature="pushSaveButton()[pri:0, instance:stepDefinition.AddNewContractOfStorage@6892cc6f]" name="pushSaveButton" duration-ms="108" started-at="2018-02-05T13:31:02Z" depends-on-methods="stepDefinition.AddNewContractOfStorage.fillIndex" finished-at="2018-02-05T13:31:02Z">
          <reporter-output>
          </reporter-output>
        </test-method> <!-- pushSaveButton -->
        <test-method status="PASS" signature="pushSaveButtonGlobal()[pri:0, instance:stepDefinition.AddNewContractOfStorage@6892cc6f]" name="pushSaveButtonGlobal" duration-ms="2482" started-at="2018-02-05T13:31:02Z" depends-on-methods="stepDefinition.AddNewContractOfStorage.pushSaveButton" finished-at="2018-02-05T13:31:04Z">
          <reporter-output>
          </reporter-output>
        </test-method> <!-- pushSaveButtonGlobal -->
        <test-method status="PASS" signature="pushAssetName(java.lang.String)[pri:0, instance:stepDefinition.AddNewContractOfStorage@6892cc6f]" name="pushAssetName" duration-ms="1090" started-at="2018-02-05T13:31:04Z" data-provider="checkPresenseOfAsset" depends-on-methods="stepDefinition.AddNewContractOfStorage.pushSaveButtonGlobal" finished-at="2018-02-05T13:31:06Z">
          <params>
            <param index="0">
              <value>
                <![CDATA[20202810011223344332]]>
              </value>
            </param>
          </params>
          <reporter-output>
          </reporter-output>
        </test-method> <!-- pushAssetName -->
        <test-method status="PASS" signature="checkPresenceOfDocumentByDateAndNumber(java.lang.String, java.lang.String)[pri:0, instance:stepDefinition.AddNewContractOfStorage@6892cc6f]" name="checkPresenceOfDocumentByDateAndNumber" duration-ms="179" started-at="2018-02-05T13:31:06Z" data-provider="checkPresenceOfDocumentByDateAndNumber" depends-on-methods="stepDefinition.AddNewContractOfStorage.pushAssetName" finished-at="2018-02-05T13:31:06Z">
          <params>
            <param index="0">
              <value>
                <![CDATA[88005553535]]>
              </value>
            </param>
            <param index="1">
              <value>
                <![CDATA[17.02.2018]]>
              </value>
            </param>
          </params>
          <reporter-output>
          </reporter-output>
        </test-method> <!-- checkPresenceOfDocumentByDateAndNumber -->
        <test-method status="PASS" signature="pushPreExitButton(java.lang.String)[pri:0, instance:stepDefinition.AddNewContractOfStorage@6892cc6f]" name="pushPreExitButton" duration-ms="1091" started-at="2018-02-05T13:31:06Z" data-provider="pushPreExitButton" depends-on-methods="stepDefinition.AddNewContractOfStorage.checkPresenceOfDocumentByDateAndNumber" finished-at="2018-02-05T13:31:07Z">
          <params>
            <param index="0">
              <value>
                <![CDATA[Права  Все]]>
              </value>
            </param>
          </params>
          <reporter-output>
          </reporter-output>
        </test-method> <!-- pushPreExitButton -->
        <test-method status="PASS" signature="pushExitButton(java.lang.String)[pri:0, instance:stepDefinition.AddNewContractOfStorage@6892cc6f]" name="pushExitButton" duration-ms="85" started-at="2018-02-05T13:31:07Z" data-provider="pushExitButton" depends-on-methods="stepDefinition.AddNewContractOfStorage.pushPreExitButton" finished-at="2018-02-05T13:31:07Z">
          <params>
            <param index="0">
              <value>
                <![CDATA[Выход]]>
              </value>
            </param>
          </params>
          <reporter-output>
          </reporter-output>
        </test-method> <!-- pushExitButton -->
      </class> <!-- stepDefinition.AddNewContractOfStorage -->
      <class name="stepDefinition.AddNewActiveTypeCash">
        <test-method status="PASS" signature="openBrowser()[pri:0, instance:stepDefinition.AddNewActiveTypeCash@1a35993f]" name="openBrowser" is-config="true" duration-ms="6566" started-at="2018-02-05T13:29:47Z" finished-at="2018-02-05T13:29:54Z">
          <reporter-output>
          </reporter-output>
        </test-method> <!-- openBrowser -->
        <test-method status="PASS" signature="waitSecond()[pri:0, instance:stepDefinition.AddNewActiveTypeCash@1a35993f]" name="waitSecond" is-config="true" duration-ms="3033" started-at="2018-02-05T13:29:54Z" finished-at="2018-02-05T13:29:57Z">
          <reporter-output>
          </reporter-output>
        </test-method> <!-- waitSecond -->
        <test-method status="PASS" signature="checkPageName(java.lang.String)[pri:0, instance:stepDefinition.AddNewActiveTypeCash@1a35993f]" name="checkPageName" duration-ms="180" started-at="2018-02-05T13:29:57Z" data-provider="checkPageName" finished-at="2018-02-05T13:29:57Z">
          <params>
            <param index="0">
              <value>
                <![CDATA[Вход в систему]]>
              </value>
            </param>
          </params>
          <reporter-output>
          </reporter-output>
        </test-method> <!-- checkPageName -->
        <test-method status="PASS" signature="userFillsValidLogin(java.lang.String, java.lang.String)[pri:0, instance:stepDefinition.AddNewActiveTypeCash@1a35993f]" name="userFillsValidLogin" duration-ms="145" started-at="2018-02-05T13:29:57Z" data-provider="userFillsValidLogin" depends-on-methods="helper.InitialSteps.checkPageName" finished-at="2018-02-05T13:29:57Z">
          <params>
            <param index="0">
              <value>
                <![CDATA[j_username]]>
              </value>
            </param>
            <param index="1">
              <value>
                <![CDATA[sua_all]]>
              </value>
            </param>
          </params>
          <reporter-output>
          </reporter-output>
        </test-method> <!-- userFillsValidLogin -->
        <test-method status="PASS" signature="userFillsValidPassword(java.lang.String, java.lang.String)[pri:0, instance:stepDefinition.AddNewActiveTypeCash@1a35993f]" name="userFillsValidPassword" duration-ms="168" started-at="2018-02-05T13:29:57Z" data-provider="userFillsValidPassword" depends-on-methods="stepDefinition.AddNewActiveTypeCash.userFillsValidLogin" finished-at="2018-02-05T13:29:57Z">
          <params>
            <param index="0">
              <value>
                <![CDATA[j_password]]>
              </value>
            </param>
            <param index="1">
              <value>
                <![CDATA[Q1w2e3r4]]>
              </value>
            </param>
          </params>
          <reporter-output>
          </reporter-output>
        </test-method> <!-- userFillsValidPassword -->
        <test-method status="PASS" signature="userPushEnterButton(java.lang.String)[pri:0, instance:stepDefinition.AddNewActiveTypeCash@1a35993f]" name="userPushEnterButton" duration-ms="2877" started-at="2018-02-05T13:29:57Z" data-provider="userPushEnterButton" depends-on-methods="stepDefinition.AddNewActiveTypeCash.userFillsValidPassword" finished-at="2018-02-05T13:30:00Z">
          <params>
            <param index="0">
              <value>
                <![CDATA[Войти]]>
              </value>
            </param>
          </params>
          <reporter-output>
          </reporter-output>
        </test-method> <!-- userPushEnterButton -->
        <test-method status="PASS" signature="checkModalWindowName(java.lang.String)[pri:0, instance:stepDefinition.AddNewActiveTypeCash@1a35993f]" name="checkModalWindowName" duration-ms="93" started-at="2018-02-05T13:30:00Z" data-provider="checkModalWindowName" depends-on-methods="stepDefinition.AddNewActiveTypeCash.userPushEnterButton" finished-at="2018-02-05T13:30:00Z">
          <params>
            <param index="0">
              <value>
                <![CDATA[Выбор финансовой организации]]>
              </value>
            </param>
          </params>
          <reporter-output>
          </reporter-output>
        </test-method> <!-- checkModalWindowName -->
        <test-method status="PASS" signature="userChooseOrganization(java.lang.String)[pri:0, instance:stepDefinition.AddNewActiveTypeCash@1a35993f]" name="userChooseOrganization" duration-ms="68" started-at="2018-02-05T13:30:00Z" data-provider="userChooseOrganization" depends-on-methods="stepDefinition.AddNewActiveTypeCash.checkModalWindowName" finished-at="2018-02-05T13:30:00Z">
          <params>
            <param index="0">
              <value>
                <![CDATA[10]]>
              </value>
            </param>
          </params>
          <reporter-output>
          </reporter-output>
        </test-method> <!-- userChooseOrganization -->
        <test-method status="PASS" signature="pushChooseButton(java.lang.String)[pri:0, instance:stepDefinition.AddNewActiveTypeCash@1a35993f]" name="pushChooseButton" duration-ms="102" started-at="2018-02-05T13:30:00Z" data-provider="pushChooseButton" depends-on-methods="stepDefinition.AddNewActiveTypeCash.userChooseOrganization" finished-at="2018-02-05T13:30:00Z">
          <params>
            <param index="0">
              <value>
                <![CDATA[Выбрать]]>
              </value>
            </param>
          </params>
          <reporter-output>
          </reporter-output>
        </test-method> <!-- pushChooseButton -->
        <test-method status="PASS" signature="checkLogoName(java.lang.String)[pri:0, instance:stepDefinition.AddNewActiveTypeCash@1a35993f]" name="checkLogoName" duration-ms="138" started-at="2018-02-05T13:30:00Z" data-provider="checkLogoName" depends-on-methods="stepDefinition.AddNewActiveTypeCash.pushChooseButton" finished-at="2018-02-05T13:30:00Z">
          <params>
            <param index="0">
              <value>
                <![CDATA[Агентство по страхованию вкладов]]>
              </value>
            </param>
          </params>
          <reporter-output>
          </reporter-output>
        </test-method> <!-- checkLogoName -->
        <test-method status="PASS" signature="checkOrganizationName(java.lang.String)[pri:0, instance:stepDefinition.AddNewActiveTypeCash@1a35993f]" name="checkOrganizationName" duration-ms="851" started-at="2018-02-05T13:30:00Z" data-provider="checkOrganizationName" depends-on-methods="stepDefinition.AddNewActiveTypeCash.pushChooseButton" finished-at="2018-02-05T13:30:01Z">
          <params>
            <param index="0">
              <value>
                <![CDATA[10]]>
              </value>
            </param>
          </params>
          <reporter-output>
          </reporter-output>
        </test-method> <!-- checkOrganizationName -->
        <test-method status="PASS" signature="pushSettingsBar(java.lang.String)[pri:0, instance:stepDefinition.AddNewActiveTypeCash@1a35993f]" name="pushSettingsBar" duration-ms="122" started-at="2018-02-05T13:30:01Z" data-provider="pushSettingsBar" depends-on-methods="stepDefinition.AddNewActiveTypeCash.checkOrganizationName" finished-at="2018-02-05T13:30:01Z">
          <params>
            <param index="0">
              <value>
                <![CDATA[Настройка]]>
              </value>
            </param>
          </params>
          <reporter-output>
          </reporter-output>
        </test-method> <!-- pushSettingsBar -->
        <test-method status="PASS" signature="pushReferenceBooks(java.lang.String)[pri:0, instance:stepDefinition.AddNewActiveTypeCash@1a35993f]" name="pushReferenceBooks" duration-ms="3121" started-at="2018-02-05T13:30:01Z" data-provider="pushReferenceBooks" depends-on-methods="stepDefinition.AddNewActiveTypeCash.pushSettingsBar" finished-at="2018-02-05T13:30:05Z">
          <params>
            <param index="0">
              <value>
                <![CDATA[Справочники]]>
              </value>
            </param>
          </params>
          <reporter-output>
          </reporter-output>
        </test-method> <!-- pushReferenceBooks -->
        <test-method status="PASS" signature="checkDictionaryName(java.lang.String)[pri:0, instance:stepDefinition.AddNewActiveTypeCash@1a35993f]" name="checkDictionaryName" duration-ms="1096" started-at="2018-02-05T13:30:05Z" data-provider="pushReferenceBooks" depends-on-methods="stepDefinition.AddNewActiveTypeCash.pushReferenceBooks" finished-at="2018-02-05T13:30:06Z">
          <params>
            <param index="0">
              <value>
                <![CDATA[Справочники]]>
              </value>
            </param>
          </params>
          <reporter-output>
          </reporter-output>
        </test-method> <!-- checkDictionaryName -->
        <test-method status="PASS" signature="pushAccountNumber()[pri:0, instance:stepDefinition.AddNewActiveTypeCash@1a35993f]" name="pushAccountNumber" duration-ms="64" started-at="2018-02-05T13:30:06Z" depends-on-methods="stepDefinition.AddNewActiveTypeCash.checkDictionaryName" finished-at="2018-02-05T13:30:06Z">
          <reporter-output>
          </reporter-output>
        </test-method> <!-- pushAccountNumber -->
        <test-method status="PASS" signature="pushSearchIcon()[pri:0, instance:stepDefinition.AddNewActiveTypeCash@1a35993f]" name="pushSearchIcon" duration-ms="4109" started-at="2018-02-05T13:30:06Z" depends-on-methods="stepDefinition.AddNewActiveTypeCash.pushAccountNumber" finished-at="2018-02-05T13:30:10Z">
          <reporter-output>
          </reporter-output>
        </test-method> <!-- pushSearchIcon -->
        <test-method status="PASS" signature="checkSearchWindow(java.lang.String)[pri:0, instance:stepDefinition.AddNewActiveTypeCash@1a35993f]" name="checkSearchWindow" duration-ms="108" started-at="2018-02-05T13:30:10Z" data-provider="checkSearchWindow" depends-on-methods="stepDefinition.AddNewActiveTypeCash.pushSearchIcon" finished-at="2018-02-05T13:30:10Z">
          <params>
            <param index="0">
              <value>
                <![CDATA[Поиск...]]>
              </value>
            </param>
          </params>
          <reporter-output>
          </reporter-output>
        </test-method> <!-- checkSearchWindow -->
        <test-method status="PASS" signature="pushFirstSearchOption(java.lang.String)[pri:0, instance:stepDefinition.AddNewActiveTypeCash@1a35993f]" name="pushFirstSearchOption" duration-ms="48" started-at="2018-02-05T13:30:10Z" data-provider="pushFirstSearchOption" depends-on-methods="stepDefinition.AddNewActiveTypeCash.checkSearchWindow" finished-at="2018-02-05T13:30:10Z">
          <params>
            <param index="0">
              <value>
                <![CDATA[Номер счёта 2-го порядка]]>
              </value>
            </param>
          </params>
          <reporter-output>
          </reporter-output>
        </test-method> <!-- pushFirstSearchOption -->
        <test-method status="PASS" signature="pushSecondSearchOption(java.lang.String)[pri:0, instance:stepDefinition.AddNewActiveTypeCash@1a35993f]" name="pushSecondSearchOption" duration-ms="80" started-at="2018-02-05T13:30:10Z" data-provider="pushSecondSearchOption" depends-on-methods="stepDefinition.AddNewActiveTypeCash.pushFirstSearchOption" finished-at="2018-02-05T13:30:10Z">
          <params>
            <param index="0">
              <value>
                <![CDATA[начинается с]]>
              </value>
            </param>
          </params>
          <reporter-output>
          </reporter-output>
        </test-method> <!-- pushSecondSearchOption -->
        <test-method status="PASS" signature="fillsSearchOption(java.lang.String)[pri:0, instance:stepDefinition.AddNewActiveTypeCash@1a35993f]" name="fillsSearchOption" duration-ms="104" started-at="2018-02-05T13:30:10Z" data-provider="fillsSearchOption" depends-on-methods="stepDefinition.AddNewActiveTypeCash.pushSecondSearchOption" finished-at="2018-02-05T13:30:10Z">
          <params>
            <param index="0">
              <value>
                <![CDATA[202]]>
              </value>
            </param>
          </params>
          <reporter-output>
          </reporter-output>
        </test-method> <!-- fillsSearchOption -->
        <test-method status="PASS" signature="pushSearchButton(java.lang.String)[pri:0, instance:stepDefinition.AddNewActiveTypeCash@1a35993f]" name="pushSearchButton" duration-ms="139" started-at="2018-02-05T13:30:10Z" data-provider="pushSearchButton" depends-on-methods="stepDefinition.AddNewActiveTypeCash.fillsSearchOption, stepDefinition.AddNewActiveTypeCash.pushSecondSearchOption, stepDefinition.AddNewActiveTypeCash.pushFirstSearchOption" finished-at="2018-02-05T13:30:10Z">
          <params>
            <param index="0">
              <value>
                <![CDATA[Найти]]>
              </value>
            </param>
          </params>
          <reporter-output>
          </reporter-output>
        </test-method> <!-- pushSearchButton -->
        <test-method status="PASS" signature="checkPresenseOfElements(java.lang.String)[pri:0, instance:stepDefinition.AddNewActiveTypeCash@1a35993f]" name="checkPresenseOfElements" duration-ms="1072" started-at="2018-02-05T13:30:10Z" data-provider="checkPresenseOfElements" depends-on-methods="stepDefinition.AddNewActiveTypeCash.pushSearchButton" finished-at="2018-02-05T13:30:11Z">
          <params>
            <param index="0">
              <value>
                <![CDATA[202]]>
              </value>
            </param>
          </params>
          <reporter-output>
          </reporter-output>
        </test-method> <!-- checkPresenseOfElements -->
        <test-method status="PASS" signature="pushCollectionAndMaintenanceofData(java.lang.String)[pri:0, instance:stepDefinition.AddNewActiveTypeCash@1a35993f]" name="pushCollectionAndMaintenanceofData" duration-ms="1073" started-at="2018-02-05T13:30:11Z" data-provider="pushCollectionAndMaintenanceofData" depends-on-methods="stepDefinition.AddNewActiveTypeCash.checkPresenseOfElements" finished-at="2018-02-05T13:30:12Z">
          <params>
            <param index="0">
              <value>
                <![CDATA[Сбор и ведение данных]]>
              </value>
            </param>
          </params>
          <reporter-output>
          </reporter-output>
        </test-method> <!-- pushCollectionAndMaintenanceofData -->
        <test-method status="PASS" signature="pushAssetList(java.lang.String)[pri:0, instance:stepDefinition.AddNewActiveTypeCash@1a35993f]" name="pushAssetList" duration-ms="95" started-at="2018-02-05T13:30:12Z" data-provider="pushAssetList" depends-on-methods="stepDefinition.AddNewActiveTypeCash.pushCollectionAndMaintenanceofData" finished-at="2018-02-05T13:30:13Z">
          <params>
            <param index="0">
              <value>
                <![CDATA[Список активов]]>
              </value>
            </param>
          </params>
          <reporter-output>
          </reporter-output>
        </test-method> <!-- pushAssetList -->
        <test-method status="PASS" signature="checkAssetListName(java.lang.String)[pri:0, instance:stepDefinition.AddNewActiveTypeCash@1a35993f]" name="checkAssetListName" duration-ms="1087" started-at="2018-02-05T13:30:13Z" data-provider="pushAssetList" depends-on-methods="stepDefinition.AddNewActiveTypeCash.pushAssetList" finished-at="2018-02-05T13:30:14Z">
          <params>
            <param index="0">
              <value>
                <![CDATA[Список активов]]>
              </value>
            </param>
          </params>
          <reporter-output>
          </reporter-output>
        </test-method> <!-- checkAssetListName -->
        <test-method status="PASS" signature="pushCreateButton(java.lang.String)[pri:0, instance:stepDefinition.AddNewActiveTypeCash@1a35993f]" name="pushCreateButton" duration-ms="63" started-at="2018-02-05T13:30:14Z" data-provider="pushCreateButton" depends-on-methods="stepDefinition.AddNewActiveTypeCash.checkAssetListName" finished-at="2018-02-05T13:30:14Z">
          <params>
            <param index="0">
              <value>
                <![CDATA[Создать]]>
              </value>
            </param>
          </params>
          <reporter-output>
          </reporter-output>
        </test-method> <!-- pushCreateButton -->
        <test-method status="PASS" signature="checkAssetFunctionalType()[pri:0, instance:stepDefinition.AddNewActiveTypeCash@1a35993f]" name="checkAssetFunctionalType" duration-ms="162" started-at="2018-02-05T13:30:14Z" depends-on-methods="stepDefinition.AddNewActiveTypeCash.pushCreateButton" finished-at="2018-02-05T13:30:14Z">
          <reporter-output>
          </reporter-output>
        </test-method> <!-- checkAssetFunctionalType -->
        <test-method status="PASS" signature="checkAssetListFirstStep(java.lang.String)[pri:0, instance:stepDefinition.AddNewActiveTypeCash@1a35993f]" name="checkAssetListFirstStep" duration-ms="99" started-at="2018-02-05T13:30:14Z" data-provider="checkAssetListFirstStep" depends-on-methods="stepDefinition.AddNewActiveTypeCash.pushCreateButton" finished-at="2018-02-05T13:30:14Z">
          <params>
            <param index="0">
              <value>
                <![CDATA[Создание актива (первый этап)]]>
              </value>
            </param>
          </params>
          <reporter-output>
          </reporter-output>
        </test-method> <!-- checkAssetListFirstStep -->
        <test-method status="PASS" signature="checkAssetType(java.lang.String)[pri:0, instance:stepDefinition.AddNewActiveTypeCash@1a35993f]" name="checkAssetType" duration-ms="76" started-at="2018-02-05T13:30:14Z" data-provider="checkAssetType" depends-on-methods="stepDefinition.AddNewActiveTypeCash.pushCreateButton" finished-at="2018-02-05T13:30:14Z">
          <params>
            <param index="0">
              <value>
                <![CDATA[Тип актива функциональный]]>
              </value>
            </param>
          </params>
          <reporter-output>
          </reporter-output>
        </test-method> <!-- checkAssetType -->
        <test-method status="PASS" signature="checkFOName(java.lang.String)[pri:0, instance:stepDefinition.AddNewActiveTypeCash@1a35993f]" name="checkFOName" duration-ms="31" started-at="2018-02-05T13:30:14Z" data-provider="checkFOName" depends-on-methods="stepDefinition.AddNewActiveTypeCash.pushCreateButton" finished-at="2018-02-05T13:30:14Z">
          <params>
            <param index="0">
              <value>
                <![CDATA[Наименование ФО]]>
              </value>
            </param>
          </params>
          <reporter-output>
          </reporter-output>
        </test-method> <!-- checkFOName -->
        <test-method status="PASS" signature="checkSelectOrg()[pri:0, instance:stepDefinition.AddNewActiveTypeCash@1a35993f]" name="checkSelectOrg" duration-ms="47" started-at="2018-02-05T13:30:14Z" depends-on-methods="stepDefinition.AddNewActiveTypeCash.pushCreateButton" finished-at="2018-02-05T13:30:14Z">
          <reporter-output>
          </reporter-output>
        </test-method> <!-- checkSelectOrg -->
        <test-method status="PASS" signature="pushAssetFunctionalType(java.lang.String)[pri:0, instance:stepDefinition.AddNewActiveTypeCash@1a35993f]" name="pushAssetFunctionalType" duration-ms="48" started-at="2018-02-05T13:30:14Z" data-provider="pushAssetFunctionalType" depends-on-methods="stepDefinition.AddNewActiveTypeCash.checkAssetFunctionalType" finished-at="2018-02-05T13:30:14Z">
          <params>
            <param index="0">
              <value>
                <![CDATA[Денежные средства]]>
              </value>
            </param>
          </params>
          <reporter-output>
          </reporter-output>
        </test-method> <!-- pushAssetFunctionalType -->
        <test-method status="PASS" signature="pushContinueButton(java.lang.String)[pri:0, instance:stepDefinition.AddNewActiveTypeCash@1a35993f]" name="pushContinueButton" duration-ms="101" started-at="2018-02-05T13:30:14Z" data-provider="pushContinueButton" depends-on-methods="stepDefinition.AddNewActiveTypeCash.pushAssetFunctionalType" finished-at="2018-02-05T13:30:14Z">
          <params>
            <param index="0">
              <value>
                <![CDATA[Далее]]>
              </value>
            </param>
          </params>
          <reporter-output>
          </reporter-output>
        </test-method> <!-- pushContinueButton -->
        <test-method status="PASS" signature="checkAssetListSecondStep(java.lang.String)[pri:0, instance:stepDefinition.AddNewActiveTypeCash@1a35993f]" name="checkAssetListSecondStep" duration-ms="1214" started-at="2018-02-05T13:30:14Z" data-provider="checkAssetListSecondStep" depends-on-methods="stepDefinition.AddNewActiveTypeCash.pushContinueButton" finished-at="2018-02-05T13:30:15Z">
          <params>
            <param index="0">
              <value>
                <![CDATA[Создание актива (второй этап)]]>
              </value>
            </param>
          </params>
          <reporter-output>
          </reporter-output>
        </test-method> <!-- checkAssetListSecondStep -->
        <test-method status="PASS" signature="checkAssetConnectionName(java.lang.String)[pri:0, instance:stepDefinition.AddNewActiveTypeCash@1a35993f]" name="checkAssetConnectionName" duration-ms="71" started-at="2018-02-05T13:30:15Z" data-provider="checkAssetConnectionName" depends-on-methods="stepDefinition.AddNewActiveTypeCash.checkAssetListSecondStep" finished-at="2018-02-05T13:30:16Z">
          <params>
            <param index="0">
              <value>
                <![CDATA[Связи с активами]]>
              </value>
            </param>
          </params>
          <reporter-output>
          </reporter-output>
        </test-method> <!-- checkAssetConnectionName -->
        <test-method status="PASS" signature="checkInventoryName(java.lang.String)[pri:0, instance:stepDefinition.AddNewActiveTypeCash@1a35993f]" name="checkInventoryName" duration-ms="65" started-at="2018-02-05T13:30:16Z" data-provider="checkInventoryName" depends-on-methods="stepDefinition.AddNewActiveTypeCash.checkAssetListSecondStep" finished-at="2018-02-05T13:30:16Z">
          <params>
            <param index="0">
              <value>
                <![CDATA[Инвентаризация]]>
              </value>
            </param>
          </params>
          <reporter-output>
          </reporter-output>
        </test-method> <!-- checkInventoryName -->
        <test-method status="PASS" signature="checkMainAssetLinks([Ljava.lang.String;)[pri:0, instance:stepDefinition.AddNewActiveTypeCash@1a35993f]" name="checkMainAssetLinks" duration-ms="809" started-at="2018-02-05T13:30:16Z" data-provider="checkMainAssetLinks" depends-on-methods="stepDefinition.AddNewActiveTypeCash.checkAssetListSecondStep" finished-at="2018-02-05T13:30:16Z">
          <params>
            <param index="0">
              <value>
                <![CDATA[[Ljava.lang.String;@5aefdb9e]]>
              </value>
            </param>
          </params>
          <reporter-output>
          </reporter-output>
        </test-method> <!-- checkMainAssetLinks -->
        <test-method status="PASS" signature="userFillsAccountNumber(java.lang.String, java.lang.String)[pri:0, instance:stepDefinition.AddNewActiveTypeCash@1a35993f]" name="userFillsAccountNumber" duration-ms="576" started-at="2018-02-05T13:30:16Z" data-provider="userFillsAccountNumber" depends-on-methods="stepDefinition.AddNewActiveTypeCash.checkMainAssetLinks" finished-at="2018-02-05T13:30:17Z">
          <params>
            <param index="0">
              <value>
                <![CDATA[accountNum]]>
              </value>
            </param>
            <param index="1">
              <value>
                <![CDATA[20202810011223344332]]>
              </value>
            </param>
          </params>
          <reporter-output>
          </reporter-output>
        </test-method> <!-- userFillsAccountNumber -->
        <test-method status="PASS" signature="userFillsAssetName(java.lang.String, java.lang.String)[pri:0, instance:stepDefinition.AddNewActiveTypeCash@1a35993f]" name="userFillsAssetName" duration-ms="1147" started-at="2018-02-05T13:30:17Z" data-provider="userFillsAssetName" depends-on-methods="stepDefinition.AddNewActiveTypeCash.checkMainAssetLinks" finished-at="2018-02-05T13:30:18Z">
          <params>
            <param index="0">
              <value>
                <![CDATA[name]]>
              </value>
            </param>
            <param index="1">
              <value>
                <![CDATA[Тестовый актив]]>
              </value>
            </param>
          </params>
          <reporter-output>
          </reporter-output>
        </test-method> <!-- userFillsAssetName -->
        <test-method status="PASS" signature="userFillsBalanceInitial(java.lang.String, java.lang.String)[pri:0, instance:stepDefinition.AddNewActiveTypeCash@1a35993f]" name="userFillsBalanceInitial" duration-ms="335" started-at="2018-02-05T13:30:18Z" data-provider="userFillsBalanceInitial" depends-on-methods="stepDefinition.AddNewActiveTypeCash.checkMainAssetLinks" finished-at="2018-02-05T13:30:18Z">
          <params>
            <param index="0">
              <value>
                <![CDATA[balanceInitial]]>
              </value>
            </param>
            <param index="1">
              <value>
                <![CDATA[12321]]>
              </value>
            </param>
          </params>
          <reporter-output>
          </reporter-output>
        </test-method> <!-- userFillsBalanceInitial -->
        <test-method status="PASS" signature="checkCurrency(java.lang.String)[pri:0, instance:stepDefinition.AddNewActiveTypeCash@1a35993f]" name="checkCurrency" duration-ms="4048" started-at="2018-02-05T13:30:18Z" data-provider="checkCurrency" depends-on-methods="stepDefinition.AddNewActiveTypeCash.userFillsAccountNumber" finished-at="2018-02-05T13:30:23Z">
          <params>
            <param index="0">
              <value>
                <![CDATA[currency]]>
              </value>
            </param>
          </params>
          <reporter-output>
          </reporter-output>
        </test-method> <!-- checkCurrency -->
        <test-method status="PASS" signature="checkBalanceInitialCurrency(java.lang.String)[pri:0, instance:stepDefinition.AddNewActiveTypeCash@1a35993f]" name="checkBalanceInitialCurrency" duration-ms="53" started-at="2018-02-05T13:30:23Z" data-provider="checkBalanceInitialCurrency" depends-on-methods="stepDefinition.AddNewActiveTypeCash.userFillsAccountNumber, stepDefinition.AddNewActiveTypeCash.userFillsBalanceInitial" finished-at="2018-02-05T13:30:23Z">
          <params>
            <param index="0">
              <value>
                <![CDATA[balanceInitialCur]]>
              </value>
            </param>
          </params>
          <reporter-output>
          </reporter-output>
        </test-method> <!-- checkBalanceInitialCurrency -->
        <test-method status="PASS" signature="checkCurrentBalanceName(java.lang.String, java.lang.String)[pri:0, instance:stepDefinition.AddNewActiveTypeCash@1a35993f]" name="checkCurrentBalanceName" duration-ms="78" started-at="2018-02-05T13:30:23Z" data-provider="checkCurrentBalanceName" depends-on-methods="stepDefinition.AddNewActiveTypeCash.userFillsBalanceInitial" finished-at="2018-02-05T13:30:23Z">
          <params>
            <param index="0">
              <value>
                <![CDATA[balanceInitial]]>
              </value>
            </param>
            <param index="1">
              <value>
                <![CDATA[balanceRur]]>
              </value>
            </param>
          </params>
          <reporter-output>
          </reporter-output>
        </test-method> <!-- checkCurrentBalanceName -->
        <test-method status="PASS" signature="pushReceivingButton(java.lang.String)[pri:0, instance:stepDefinition.AddNewActiveTypeCash@1a35993f]" name="pushReceivingButton" duration-ms="106" started-at="2018-02-05T13:30:23Z" data-provider="pushReceivingButton" depends-on-methods="stepDefinition.AddNewActiveTypeCash.userFillsAccountNumber, stepDefinition.AddNewActiveTypeCash.userFillsBalanceInitial, stepDefinition.AddNewActiveTypeCash.userFillsAssetName" finished-at="2018-02-05T13:30:23Z">
          <params>
            <param index="0">
              <value>
                <![CDATA[Приём]]>
              </value>
            </param>
          </params>
          <reporter-output>
          </reporter-output>
        </test-method> <!-- pushReceivingButton -->
        <test-method status="PASS" signature="checkCurrentBalanceCurrency(java.lang.String)[pri:0, instance:stepDefinition.AddNewActiveTypeCash@1a35993f]" name="checkCurrentBalanceCurrency" duration-ms="64" started-at="2018-02-05T13:30:23Z" data-provider="checkCurrentBalanceCurrency" depends-on-methods="stepDefinition.AddNewActiveTypeCash.userFillsAccountNumber, stepDefinition.AddNewActiveTypeCash.checkCurrentBalanceName" finished-at="2018-02-05T13:30:23Z">
          <params>
            <param index="0">
              <value>
                <![CDATA[balanceCur]]>
              </value>
            </param>
          </params>
          <reporter-output>
          </reporter-output>
        </test-method> <!-- checkCurrentBalanceCurrency -->
        <test-method status="PASS" signature="userFillsStartDate(java.lang.String, java.lang.String)[pri:0, instance:stepDefinition.AddNewActiveTypeCash@1a35993f]" name="userFillsStartDate" duration-ms="1359" started-at="2018-02-05T13:30:23Z" data-provider="userFillsStartDate" depends-on-methods="stepDefinition.AddNewActiveTypeCash.pushReceivingButton" finished-at="2018-02-05T13:30:24Z">
          <params>
            <param index="0">
              <value>
                <![CDATA[startDate]]>
              </value>
            </param>
            <param index="1">
              <value>
                <![CDATA[05.04.18]]>
              </value>
            </param>
          </params>
          <reporter-output>
          </reporter-output>
        </test-method> <!-- userFillsStartDate -->
        <test-method status="PASS" signature="userFillsEndDate(java.lang.String, java.lang.String)[pri:0, instance:stepDefinition.AddNewActiveTypeCash@1a35993f]" name="userFillsEndDate" duration-ms="374" started-at="2018-02-05T13:30:24Z" data-provider="userFillsEndDate" depends-on-methods="stepDefinition.AddNewActiveTypeCash.userFillsStartDate" finished-at="2018-02-05T13:30:25Z">
          <params>
            <param index="0">
              <value>
                <![CDATA[endDate]]>
              </value>
            </param>
            <param index="1">
              <value>
                <![CDATA[01.12.18]]>
              </value>
            </param>
          </params>
          <reporter-output>
          </reporter-output>
        </test-method> <!-- userFillsEndDate -->
        <test-method status="PASS" signature="pushSaveButton()[pri:0, instance:stepDefinition.AddNewActiveTypeCash@1a35993f]" name="pushSaveButton" duration-ms="1776" started-at="2018-02-05T13:30:25Z" depends-on-methods="stepDefinition.AddNewActiveTypeCash.userFillsStartDate, stepDefinition.AddNewActiveTypeCash.userFillsEndDate" finished-at="2018-02-05T13:30:26Z">
          <reporter-output>
          </reporter-output>
        </test-method> <!-- pushSaveButton -->
        <test-method status="PASS" signature="pushCollectionAndMaintenanceofDataToCheck(java.lang.String)[pri:0, instance:stepDefinition.AddNewActiveTypeCash@1a35993f]" name="pushCollectionAndMaintenanceofDataToCheck" duration-ms="1095" started-at="2018-02-05T13:30:26Z" data-provider="pushCollectionAndMaintenanceofData" depends-on-methods="stepDefinition.AddNewActiveTypeCash.pushSaveButton" finished-at="2018-02-05T13:30:27Z">
          <params>
            <param index="0">
              <value>
                <![CDATA[Сбор и ведение данных]]>
              </value>
            </param>
          </params>
          <reporter-output>
          </reporter-output>
        </test-method> <!-- pushCollectionAndMaintenanceofDataToCheck -->
        <test-method status="PASS" signature="pushAssetListToCheck(java.lang.String)[pri:0, instance:stepDefinition.AddNewActiveTypeCash@1a35993f]" name="pushAssetListToCheck" duration-ms="173" started-at="2018-02-05T13:30:27Z" data-provider="pushAssetList" depends-on-methods="stepDefinition.AddNewActiveTypeCash.pushCollectionAndMaintenanceofDataToCheck" finished-at="2018-02-05T13:30:28Z">
          <params>
            <param index="0">
              <value>
                <![CDATA[Список активов]]>
              </value>
            </param>
          </params>
          <reporter-output>
          </reporter-output>
        </test-method> <!-- pushAssetListToCheck -->
        <test-method status="PASS" signature="pushSearchIconToCheck()[pri:0, instance:stepDefinition.AddNewActiveTypeCash@1a35993f]" name="pushSearchIconToCheck" duration-ms="4137" started-at="2018-02-05T13:30:28Z" depends-on-methods="stepDefinition.AddNewActiveTypeCash.pushAssetListToCheck" finished-at="2018-02-05T13:30:32Z">
          <reporter-output>
          </reporter-output>
        </test-method> <!-- pushSearchIconToCheck -->
        <test-method status="PASS" signature="checkSearchWindowToCheck(java.lang.String)[pri:0, instance:stepDefinition.AddNewActiveTypeCash@1a35993f]" name="checkSearchWindowToCheck" duration-ms="120" started-at="2018-02-05T13:30:32Z" data-provider="checkSearchWindow" depends-on-methods="stepDefinition.AddNewActiveTypeCash.pushSearchIconToCheck" finished-at="2018-02-05T13:30:32Z">
          <params>
            <param index="0">
              <value>
                <![CDATA[Поиск...]]>
              </value>
            </param>
          </params>
          <reporter-output>
          </reporter-output>
        </test-method> <!-- checkSearchWindowToCheck -->
        <test-method status="PASS" signature="pushFirstSearchOptionToCheck(java.lang.String)[pri:0, instance:stepDefinition.AddNewActiveTypeCash@1a35993f]" name="pushFirstSearchOptionToCheck" duration-ms="63" started-at="2018-02-05T13:30:32Z" data-provider="pushFirstSearchOptionToCheck" depends-on-methods="stepDefinition.AddNewActiveTypeCash.checkSearchWindowToCheck" finished-at="2018-02-05T13:30:32Z">
          <params>
            <param index="0">
              <value>
                <![CDATA[Номер лицевого счета]]>
              </value>
            </param>
          </params>
          <reporter-output>
          </reporter-output>
        </test-method> <!-- pushFirstSearchOptionToCheck -->
        <test-method status="PASS" signature="pushSecondSearchOptionToCheck(java.lang.String)[pri:0, instance:stepDefinition.AddNewActiveTypeCash@1a35993f]" name="pushSecondSearchOptionToCheck" duration-ms="86" started-at="2018-02-05T13:30:32Z" data-provider="pushSecondSearchOption" depends-on-methods="stepDefinition.AddNewActiveTypeCash.pushFirstSearchOptionToCheck" finished-at="2018-02-05T13:30:32Z">
          <params>
            <param index="0">
              <value>
                <![CDATA[начинается с]]>
              </value>
            </param>
          </params>
          <reporter-output>
          </reporter-output>
        </test-method> <!-- pushSecondSearchOptionToCheck -->
        <test-method status="PASS" signature="fillsSearchOptionToCheck(java.lang.String)[pri:0, instance:stepDefinition.AddNewActiveTypeCash@1a35993f]" name="fillsSearchOptionToCheck" duration-ms="516" started-at="2018-02-05T13:30:32Z" data-provider="fillsSearchOptionToCheck" depends-on-methods="stepDefinition.AddNewActiveTypeCash.pushSecondSearchOptionToCheck" finished-at="2018-02-05T13:30:33Z">
          <params>
            <param index="0">
              <value>
                <![CDATA[20202810011223344332]]>
              </value>
            </param>
          </params>
          <reporter-output>
          </reporter-output>
        </test-method> <!-- fillsSearchOptionToCheck -->
        <test-method status="PASS" signature="pushSearchButtonToCheck(java.lang.String)[pri:0, instance:stepDefinition.AddNewActiveTypeCash@1a35993f]" name="pushSearchButtonToCheck" duration-ms="459" started-at="2018-02-05T13:30:33Z" data-provider="pushSearchButton" depends-on-methods="stepDefinition.AddNewActiveTypeCash.pushFirstSearchOptionToCheck, stepDefinition.AddNewActiveTypeCash.fillsSearchOptionToCheck, stepDefinition.AddNewActiveTypeCash.pushSecondSearchOptionToCheck" finished-at="2018-02-05T13:30:33Z">
          <params>
            <param index="0">
              <value>
                <![CDATA[Найти]]>
              </value>
            </param>
          </params>
          <reporter-output>
          </reporter-output>
        </test-method> <!-- pushSearchButtonToCheck -->
        <test-method status="PASS" signature="checkPresenseOfAsset(java.lang.String)[pri:0, instance:stepDefinition.AddNewActiveTypeCash@1a35993f]" name="checkPresenseOfAsset" duration-ms="1035" started-at="2018-02-05T13:30:33Z" data-provider="checkPresenseOfAsset" depends-on-methods="stepDefinition.AddNewActiveTypeCash.pushSearchButtonToCheck" finished-at="2018-02-05T13:30:34Z">
          <params>
            <param index="0">
              <value>
                <![CDATA[20202810011223344332]]>
              </value>
            </param>
          </params>
          <reporter-output>
          </reporter-output>
        </test-method> <!-- checkPresenseOfAsset -->
        <test-method status="PASS" signature="pushCheckboxToDelete()[pri:0, instance:stepDefinition.AddNewActiveTypeCash@1a35993f]" name="pushCheckboxToDelete" duration-ms="1112" started-at="2018-02-05T13:30:34Z" depends-on-methods="stepDefinition.AddNewActiveTypeCash.checkPresenseOfAsset" finished-at="2018-02-05T13:30:35Z">
          <reporter-output>
          </reporter-output>
        </test-method> <!-- pushCheckboxToDelete -->
        <test-method status="PASS" signature="pushDeleteButton(java.lang.String)[pri:0, instance:stepDefinition.AddNewActiveTypeCash@1a35993f]" name="pushDeleteButton" duration-ms="107" started-at="2018-02-05T13:30:35Z" data-provider="pushDeleteButton" depends-on-methods="stepDefinition.AddNewActiveTypeCash.pushCheckboxToDelete" finished-at="2018-02-05T13:30:35Z">
          <params>
            <param index="0">
              <value>
                <![CDATA[Удалить]]>
              </value>
            </param>
          </params>
          <reporter-output>
          </reporter-output>
        </test-method> <!-- pushDeleteButton -->
        <test-method status="PASS" signature="pushYesButton()[pri:0, instance:stepDefinition.AddNewActiveTypeCash@1a35993f]" name="pushYesButton" duration-ms="1660" started-at="2018-02-05T13:30:35Z" depends-on-methods="stepDefinition.AddNewActiveTypeCash.pushDeleteButton" finished-at="2018-02-05T13:30:37Z">
          <reporter-output>
          </reporter-output>
        </test-method> <!-- pushYesButton -->
        <test-method status="PASS" signature="pushCloseButton(java.lang.String)[pri:0, instance:stepDefinition.AddNewActiveTypeCash@1a35993f]" name="pushCloseButton" duration-ms="64" started-at="2018-02-05T13:30:37Z" data-provider="pushCloseButton" depends-on-methods="stepDefinition.AddNewActiveTypeCash.pushYesButton" finished-at="2018-02-05T13:30:37Z">
          <params>
            <param index="0">
              <value>
                <![CDATA[Закрыть]]>
              </value>
            </param>
          </params>
          <reporter-output>
          </reporter-output>
        </test-method> <!-- pushCloseButton -->
        <test-method status="PASS" signature="pushPreExitButton(java.lang.String)[pri:0, instance:stepDefinition.AddNewActiveTypeCash@1a35993f]" name="pushPreExitButton" duration-ms="1079" started-at="2018-02-05T13:30:37Z" data-provider="pushPreExitButton" depends-on-methods="stepDefinition.AddNewActiveTypeCash.pushYesButton" finished-at="2018-02-05T13:30:38Z">
          <params>
            <param index="0">
              <value>
                <![CDATA[Права  Все]]>
              </value>
            </param>
          </params>
          <reporter-output>
          </reporter-output>
        </test-method> <!-- pushPreExitButton -->
        <test-method status="PASS" signature="pushExitButton(java.lang.String)[pri:0, instance:stepDefinition.AddNewActiveTypeCash@1a35993f]" name="pushExitButton" duration-ms="65" started-at="2018-02-05T13:30:38Z" data-provider="pushExitButton" depends-on-methods="stepDefinition.AddNewActiveTypeCash.pushPreExitButton" finished-at="2018-02-05T13:30:38Z">
          <params>
            <param index="0">
              <value>
                <![CDATA[Выход]]>
              </value>
            </param>
          </params>
          <reporter-output>
          </reporter-output>
        </test-method> <!-- pushExitButton -->
        <test-method status="PASS" signature="closeBrowser()[pri:0, instance:stepDefinition.AddNewActiveTypeCash@1a35993f]" name="closeBrowser" is-config="true" duration-ms="694" started-at="2018-02-05T13:31:33Z" finished-at="2018-02-05T13:31:34Z">
          <reporter-output>
          </reporter-output>
        </test-method> <!-- closeBrowser -->
      </class> <!-- stepDefinition.AddNewActiveTypeCash -->
      <class name="stepDefinition.AuthentificationInvalidDataTestCase">
        <test-method status="PASS" signature="waitSecond()[pri:0, instance:stepDefinition.AuthentificationInvalidDataTestCase@6fd1660]" name="waitSecond" is-config="true" duration-ms="3020" started-at="2018-02-05T13:31:07Z" finished-at="2018-02-05T13:31:10Z">
          <reporter-output>
          </reporter-output>
        </test-method> <!-- waitSecond -->
        <test-method status="PASS" signature="checkPageName(java.lang.String)[pri:0, instance:stepDefinition.AuthentificationInvalidDataTestCase@6fd1660]" name="checkPageName" duration-ms="63" started-at="2018-02-05T13:31:10Z" data-provider="checkPageName" finished-at="2018-02-05T13:31:10Z">
          <params>
            <param index="0">
              <value>
                <![CDATA[Вход в систему]]>
              </value>
            </param>
          </params>
          <reporter-output>
          </reporter-output>
        </test-method> <!-- checkPageName -->
        <test-method status="PASS" signature="userFillsLoginFieldInvalid(java.lang.String, java.lang.String)[pri:0, instance:stepDefinition.AuthentificationInvalidDataTestCase@6fd1660]" name="userFillsLoginFieldInvalid" duration-ms="92" started-at="2018-02-05T13:31:10Z" data-provider="userFillsLoginFieldInvalid" depends-on-methods="helper.InitialSteps.checkPageName" finished-at="2018-02-05T13:31:10Z">
          <params>
            <param index="0">
              <value>
                <![CDATA[j_username]]>
              </value>
            </param>
            <param index="1">
              <value>
                <![CDATA[sua_alll]]>
              </value>
            </param>
          </params>
          <reporter-output>
          </reporter-output>
        </test-method> <!-- userFillsLoginFieldInvalid -->
        <test-method status="PASS" signature="userFillsPasswordFieldInvalid(java.lang.String, java.lang.String)[pri:0, instance:stepDefinition.AuthentificationInvalidDataTestCase@6fd1660]" name="userFillsPasswordFieldInvalid" duration-ms="101" started-at="2018-02-05T13:31:10Z" data-provider="userFillsPasswordFieldInvalid" depends-on-methods="stepDefinition.AuthentificationInvalidDataTestCase.userFillsLoginFieldInvalid" finished-at="2018-02-05T13:31:10Z">
          <params>
            <param index="0">
              <value>
                <![CDATA[j_password]]>
              </value>
            </param>
            <param index="1">
              <value>
                <![CDATA[qwerty]]>
              </value>
            </param>
[...]
          <reporter-output>
          </reporter-output>
        </test-method> <!-- userPushEnterButton -->
        <test-method status="PASS" signature="checkModalWindowName(java.lang.String)[pri:0, instance:stepDefinition.CheckAccountNumberBegins@5e8604bf]" name="checkModalWindowName" duration-ms="78" started-at="2018-02-05T13:31:22Z" data-provider="checkModalWindowName" depends-on-methods="stepDefinition.CheckAccountNumberBegins.userPushEnterButton" finished-at="2018-02-05T13:31:22Z">
          <params>
            <param index="0">
              <value>
                <![CDATA[Выбор финансовой организации]]>
              </value>
            </param>
          </params>
          <reporter-output>
          </reporter-output>
        </test-method> <!-- checkModalWindowName -->
        <test-method status="PASS" signature="userChooseOrganization(java.lang.String)[pri:0, instance:stepDefinition.CheckAccountNumberBegins@5e8604bf]" name="userChooseOrganization" duration-ms="54" started-at="2018-02-05T13:31:22Z" data-provider="userChooseOrganization" depends-on-methods="stepDefinition.CheckAccountNumberBegins.checkModalWindowName" finished-at="2018-02-05T13:31:22Z">
          <params>
            <param index="0">
              <value>
                <![CDATA[10]]>
              </value>
            </param>
          </params>
          <reporter-output>
          </reporter-output>
        </test-method> <!-- userChooseOrganization -->
        <test-method status="PASS" signature="pushChooseButton(java.lang.String)[pri:0, instance:stepDefinition.CheckAccountNumberBegins@5e8604bf]" name="pushChooseButton" duration-ms="81" started-at="2018-02-05T13:31:22Z" data-provider="pushChooseButton" depends-on-methods="stepDefinition.CheckAccountNumberBegins.userChooseOrganization" finished-at="2018-02-05T13:31:22Z">
          <params>
            <param index="0">
              <value>
                <![CDATA[Выбрать]]>
              </value>
            </param>
          </params>
          <reporter-output>
          </reporter-output>
        </test-method> <!-- pushChooseButton -->
        <test-method status="PASS" signature="checkLogoName(java.lang.String)[pri:0, instance:stepDefinition.CheckAccountNumberBegins@5e8604bf]" name="checkLogoName" duration-ms="85" started-at="2018-02-05T13:31:22Z" data-provider="checkLogoName" depends-on-methods="stepDefinition.CheckAccountNumberBegins.pushChooseButton" finished-at="2018-02-05T13:31:22Z">
          <params>
            <param index="0">
              <value>
                <![CDATA[Агентство по страхованию вкладов]]>
              </value>
            </param>
          </params>
          <reporter-output>
          </reporter-output>
        </test-method> <!-- checkLogoName -->
        <test-method status="PASS" signature="checkOrganizationName(java.lang.String)[pri:0, instance:stepDefinition.CheckAccountNumberBegins@5e8604bf]" name="checkOrganizationName" duration-ms="344" started-at="2018-02-05T13:31:22Z" data-provider="checkOrganizationName" depends-on-methods="stepDefinition.CheckAccountNumberBegins.pushChooseButton" finished-at="2018-02-05T13:31:23Z">
          <params>
            <param index="0">
              <value>
                <![CDATA[10]]>
              </value>
            </param>
          </params>
          <reporter-output>
          </reporter-output>
        </test-method> <!-- checkOrganizationName -->
        <test-method status="PASS" signature="pushSettingsBar(java.lang.String)[pri:0, instance:stepDefinition.CheckAccountNumberBegins@5e8604bf]" name="pushSettingsBar" duration-ms="562" started-at="2018-02-05T13:31:23Z" data-provider="pushSettingsBar" depends-on-methods="stepDefinition.CheckAccountNumberBegins.checkOrganizationName" finished-at="2018-02-05T13:31:23Z">
          <params>
            <param index="0">
              <value>
                <![CDATA[Настройка]]>
              </value>
            </param>
          </params>
          <reporter-output>
          </reporter-output>
        </test-method> <!-- pushSettingsBar -->
        <test-method status="PASS" signature="pushReferenceBooks(java.lang.String)[pri:0, instance:stepDefinition.CheckAccountNumberBegins@5e8604bf]" name="pushReferenceBooks" duration-ms="3128" started-at="2018-02-05T13:31:23Z" data-provider="pushReferenceBooks" depends-on-methods="stepDefinition.CheckAccountNumberBegins.pushSettingsBar" finished-at="2018-02-05T13:31:26Z">
          <params>
            <param index="0">
              <value>
                <![CDATA[Справочники]]>
              </value>
            </param>
          </params>
          <reporter-output>
          </reporter-output>
        </test-method> <!-- pushReferenceBooks -->
        <test-method status="PASS" signature="checkDictionaryName(java.lang.String)[pri:0, instance:stepDefinition.CheckAccountNumberBegins@5e8604bf]" name="checkDictionaryName" duration-ms="1087" started-at="2018-02-05T13:31:26Z" data-provider="pushReferenceBooks" depends-on-methods="stepDefinition.CheckAccountNumberBegins.pushReferenceBooks" finished-at="2018-02-05T13:31:27Z">
          <params>
            <param index="0">
              <value>
                <![CDATA[Справочники]]>
              </value>
            </param>
          </params>
          <reporter-output>
          </reporter-output>
        </test-method> <!-- checkDictionaryName -->
        <test-method status="PASS" signature="pushAccountNumber()[pri:0, instance:stepDefinition.CheckAccountNumberBegins@5e8604bf]" name="pushAccountNumber" duration-ms="63" started-at="2018-02-05T13:31:27Z" depends-on-methods="stepDefinition.CheckAccountNumberBegins.checkDictionaryName" finished-at="2018-02-05T13:31:27Z">
          <reporter-output>
          </reporter-output>
        </test-method> <!-- pushAccountNumber -->
        <test-method status="PASS" signature="pushSearchIcon()[pri:0, instance:stepDefinition.CheckAccountNumberBegins@5e8604bf]" name="pushSearchIcon" duration-ms="4122" started-at="2018-02-05T13:31:27Z" depends-on-methods="stepDefinition.CheckAccountNumberBegins.pushAccountNumber" finished-at="2018-02-05T13:31:32Z">
          <reporter-output>
          </reporter-output>
        </test-method> <!-- pushSearchIcon -->
        <test-method status="PASS" signature="checkSearchWindow(java.lang.String)[pri:0, instance:stepDefinition.CheckAccountNumberBegins@5e8604bf]" name="checkSearchWindow" duration-ms="136" started-at="2018-02-05T13:31:32Z" data-provider="checkSearchWindow" depends-on-methods="stepDefinition.CheckAccountNumberBegins.pushSearchIcon" finished-at="2018-02-05T13:31:32Z">
          <params>
            <param index="0">
              <value>
                <![CDATA[Поиск...]]>
              </value>
            </param>
          </params>
          <reporter-output>
          </reporter-output>
        </test-method> <!-- checkSearchWindow -->
        <test-method status="PASS" signature="fillsSearchOption(java.lang.String)[pri:0, instance:stepDefinition.CheckAccountNumberBegins@5e8604bf]" name="fillsSearchOption" duration-ms="81" started-at="2018-02-05T13:31:32Z" data-provider="fillsSearchOption" depends-on-methods="stepDefinition.CheckAccountNumberBegins.checkSearchWindow" finished-at="2018-02-05T13:31:32Z">
          <params>
            <param index="0">
              <value>
                <![CDATA[202]]>
              </value>
            </param>
          </params>
          <reporter-output>
          </reporter-output>
        </test-method> <!-- fillsSearchOption -->
        <test-method status="PASS" signature="pushFirstSearchOption(java.lang.String)[pri:0, instance:stepDefinition.CheckAccountNumberBegins@5e8604bf]" name="pushFirstSearchOption" duration-ms="63" started-at="2018-02-05T13:31:32Z" data-provider="pushFirstSearchOption" depends-on-methods="stepDefinition.CheckAccountNumberBegins.checkSearchWindow" finished-at="2018-02-05T13:31:32Z">
          <params>
            <param index="0">
              <value>
                <![CDATA[Номер счёта 2-го порядка]]>
              </value>
            </param>
          </params>
          <reporter-output>
          </reporter-output>
        </test-method> <!-- pushFirstSearchOption -->
        <test-method status="PASS" signature="pushSecondSearchOption(java.lang.String)[pri:0, instance:stepDefinition.CheckAccountNumberBegins@5e8604bf]" name="pushSecondSearchOption" duration-ms="71" started-at="2018-02-05T13:31:32Z" data-provider="pushSecondSearchOption" depends-on-methods="stepDefinition.CheckAccountNumberBegins.checkSearchWindow" finished-at="2018-02-05T13:31:32Z">
          <params>
            <param index="0">
              <value>
                <![CDATA[начинается с]]>
              </value>
            </param>
          </params>
          <reporter-output>
          </reporter-output>
        </test-method> <!-- pushSecondSearchOption -->
        <test-method status="PASS" signature="pushSearchButton(java.lang.String)[pri:0, instance:stepDefinition.CheckAccountNumberBegins@5e8604bf]" name="pushSearchButton" duration-ms="118" started-at="2018-02-05T13:31:32Z" data-provider="pushSearchButton" depends-on-methods="stepDefinition.CheckAccountNumberBegins.fillsSearchOption, stepDefinition.CheckAccountNumberBegins.pushSecondSearchOption, stepDefinition.CheckAccountNumberBegins.pushFirstSearchOption" finished-at="2018-02-05T13:31:32Z">
          <params>
            <param index="0">
              <value>
                <![CDATA[Найти]]>
              </value>
            </param>
          </params>
          <reporter-output>
          </reporter-output>
        </test-method> <!-- pushSearchButton -->
        <test-method status="PASS" signature="checkPresenseOfElements(java.lang.String)[pri:0, instance:stepDefinition.CheckAccountNumberBegins@5e8604bf]" name="checkPresenseOfElements" duration-ms="1054" started-at="2018-02-05T13:31:32Z" data-provider="checkPresenseOfElements" depends-on-methods="stepDefinition.CheckAccountNumberBegins.pushSearchButton" finished-at="2018-02-05T13:31:33Z">
          <params>
            <param index="0">
              <value>
                <![CDATA[202]]>
              </value>
            </param>
          </params>
          <reporter-output>
          </reporter-output>
        </test-method> <!-- checkPresenseOfElements -->
        <test-method status="PASS" signature="pushPreExitButton(java.lang.String)[pri:0, instance:stepDefinition.CheckAccountNumberBegins@5e8604bf]" name="pushPreExitButton" duration-ms="64" started-at="2018-02-05T13:31:33Z" data-provider="pushPreExitButton" depends-on-methods="stepDefinition.CheckAccountNumberBegins.checkPresenseOfElements" finished-at="2018-02-05T13:31:33Z">
          <params>
            <param index="0">
              <value>
                <![CDATA[Права  Все]]>
              </value>
            </param>
          </params>
          <reporter-output>
          </reporter-output>
        </test-method> <!-- pushPreExitButton -->
        <test-method status="PASS" signature="pushExitButton(java.lang.String)[pri:0, instance:stepDefinition.CheckAccountNumberBegins@5e8604bf]" name="pushExitButton" duration-ms="82" started-at="2018-02-05T13:31:33Z" data-provider="pushExitButton" depends-on-methods="stepDefinition.CheckAccountNumberBegins.pushPreExitButton" finished-at="2018-02-05T13:31:33Z">
          <params>
            <param index="0">
              <value>
                <![CDATA[Выход]]>
              </value>
            </param>
          </params>
          <reporter-output>
          </reporter-output>
        </test-method> <!-- pushExitButton -->
      </class> <!-- stepDefinition.CheckAccountNumberBegins -->
      <class name="stepDefinition.AuthentificationValidDataTestCase">
        <test-method status="PASS" signature="waitSecond()[pri:0, instance:stepDefinition.AuthentificationValidDataTestCase@4a6c18ad]" name="waitSecond" is-config="true" duration-ms="3036" started-at="2018-02-05T13:31:10Z" finished-at="2018-02-05T13:31:13Z">
          <reporter-output>
          </reporter-output>
        </test-method> <!-- waitSecond -->
        <test-method status="PASS" signature="checkPageName(java.lang.String)[pri:0, instance:stepDefinition.AuthentificationValidDataTestCase@4a6c18ad]" name="checkPageName" duration-ms="62" started-at="2018-02-05T13:31:13Z" data-provider="checkPageName" finished-at="2018-02-05T13:31:13Z">
          <params>
            <param index="0">
              <value>
                <![CDATA[Вход в систему]]>
              </value>
            </param>
          </params>
          <reporter-output>
          </reporter-output>
        </test-method> <!-- checkPageName -->
        <test-method status="PASS" signature="userFillsValidLogin(java.lang.String, java.lang.String)[pri:0, instance:stepDefinition.AuthentificationValidDataTestCase@4a6c18ad]" name="userFillsValidLogin" duration-ms="84" started-at="2018-02-05T13:31:13Z" data-provider="userFillsValidLogin" depends-on-methods="helper.InitialSteps.checkPageName" finished-at="2018-02-05T13:31:14Z">
          <params>
            <param index="0">
              <value>
                <![CDATA[j_username]]>
              </value>
            </param>
            <param index="1">
              <value>
                <![CDATA[sua_all]]>
              </value>
            </param>
          </params>
          <reporter-output>
          </reporter-output>
        </test-method> <!-- userFillsValidLogin -->
        <test-method status="PASS" signature="userFillsValidPassword(java.lang.String, java.lang.String)[pri:0, instance:stepDefinition.AuthentificationValidDataTestCase@4a6c18ad]" name="userFillsValidPassword" duration-ms="103" started-at="2018-02-05T13:31:14Z" data-provider="userFillsValidPassword" depends-on-methods="stepDefinition.AuthentificationValidDataTestCase.userFillsValidLogin" finished-at="2018-02-05T13:31:14Z">
          <params>
            <param index="0">
              <value>
                <![CDATA[j_password]]>
              </value>
            </param>
            <param index="1">
              <value>
                <![CDATA[Q1w2e3r4]]>
              </value>
            </param>
          </params>
          <reporter-output>
          </reporter-output>
        </test-method> <!-- userFillsValidPassword -->
        <test-method status="PASS" signature="userPushEnterButton(java.lang.String)[pri:0, instance:stepDefinition.AuthentificationValidDataTestCase@4a6c18ad]" name="userPushEnterButton" duration-ms="1933" started-at="2018-02-05T13:31:14Z" data-provider="userPushEnterButton" depends-on-methods="stepDefinition.AuthentificationValidDataTestCase.userFillsValidPassword" finished-at="2018-02-05T13:31:16Z">
          <params>
            <param index="0">
              <value>
                <![CDATA[Войти]]>
              </value>
            </param>
          </params>
          <reporter-output>
          </reporter-output>
        </test-method> <!-- userPushEnterButton -->
        <test-method status="PASS" signature="checkModalWindowName(java.lang.String)[pri:0, instance:stepDefinition.AuthentificationValidDataTestCase@4a6c18ad]" name="checkModalWindowName" duration-ms="78" started-at="2018-02-05T13:31:16Z" data-provider="checkModalWindowName" depends-on-methods="stepDefinition.AuthentificationValidDataTestCase.userPushEnterButton" finished-at="2018-02-05T13:31:16Z">
          <params>
            <param index="0">
              <value>
                <![CDATA[Выбор финансовой организации]]>
              </value>
            </param>
          </params>
          <reporter-output>
          </reporter-output>
        </test-method> <!-- checkModalWindowName -->
        <test-method status="PASS" signature="userChooseOrganization(java.lang.String)[pri:0, instance:stepDefinition.AuthentificationValidDataTestCase@4a6c18ad]" name="userChooseOrganization" duration-ms="68" started-at="2018-02-05T13:31:16Z" data-provider="userChooseOrganization" depends-on-methods="stepDefinition.AuthentificationValidDataTestCase.checkModalWindowName" finished-at="2018-02-05T13:31:16Z">
          <params>
            <param index="0">
              <value>
                <![CDATA[10]]>
              </value>
            </param>
          </params>
          <reporter-output>
          </reporter-output>
        </test-method> <!-- userChooseOrganization -->
        <test-method status="PASS" signature="pushChooseButton(java.lang.String)[pri:0, instance:stepDefinition.AuthentificationValidDataTestCase@4a6c18ad]" name="pushChooseButton" duration-ms="79" started-at="2018-02-05T13:31:16Z" data-provider="pushChooseButton" depends-on-methods="stepDefinition.AuthentificationValidDataTestCase.userChooseOrganization" finished-at="2018-02-05T13:31:16Z">
          <params>
            <param index="0">
              <value>
                <![CDATA[Выбрать]]>
              </value>
            </param>
          </params>
          <reporter-output>
          </reporter-output>
        </test-method> <!-- pushChooseButton -->
        <test-method status="PASS" signature="checkLogoName(java.lang.String)[pri:0, instance:stepDefinition.AuthentificationValidDataTestCase@4a6c18ad]" name="checkLogoName" duration-ms="106" started-at="2018-02-05T13:31:16Z" data-provider="checkLogoName" depends-on-methods="stepDefinition.AuthentificationValidDataTestCase.pushChooseButton" finished-at="2018-02-05T13:31:16Z">
          <params>
            <param index="0">
              <value>
                <![CDATA[Агентство по страхованию вкладов]]>
              </value>
            </param>
          </params>
          <reporter-output>
          </reporter-output>
        </test-method> <!-- checkLogoName -->
        <test-method status="PASS" signature="checkOrganizationName(java.lang.String)[pri:0, instance:stepDefinition.AuthentificationValidDataTestCase@4a6c18ad]" name="checkOrganizationName" duration-ms="825" started-at="2018-02-05T13:31:16Z" data-provider="checkOrganizationName" depends-on-methods="stepDefinition.AuthentificationValidDataTestCase.pushChooseButton" finished-at="2018-02-05T13:31:17Z">
          <params>
            <param index="0">
              <value>
                <![CDATA[10]]>
              </value>
            </param>
          </params>
          <reporter-output>
          </reporter-output>
        </test-method> <!-- checkOrganizationName -->
        <test-method status="PASS" signature="pushPreExitButton(java.lang.String)[pri:0, instance:stepDefinition.AuthentificationValidDataTestCase@4a6c18ad]" name="pushPreExitButton" duration-ms="100" started-at="2018-02-05T13:31:17Z" data-provider="pushPreExitButton" depends-on-methods="stepDefinition.AuthentificationValidDataTestCase.pushChooseButton" finished-at="2018-02-05T13:31:17Z">
          <params>
            <param index="0">
              <value>
                <![CDATA[Права  Все]]>
              </value>
            </param>
          </params>
          <reporter-output>
          </reporter-output>
        </test-method> <!-- pushPreExitButton -->
        <test-method status="PASS" signature="pushExitButton(java.lang.String)[pri:0, instance:stepDefinition.AuthentificationValidDataTestCase@4a6c18ad]" name="pushExitButton" duration-ms="113" started-at="2018-02-05T13:31:17Z" data-provider="pushExitButton" depends-on-methods="stepDefinition.AuthentificationValidDataTestCase.pushPreExitButton" finished-at="2018-02-05T13:31:17Z">
          <params>
            <param index="0">
              <value>
                <![CDATA[Выход]]>
              </value>
            </param>
          </params>
          <reporter-output>
          </reporter-output>
        </test-method> <!-- pushExitButton -->
      </class> <!-- stepDefinition.AuthentificationValidDataTestCase -->
    </test> <!-- Surefire test -->
  </suite> <!-- Surefire suite -->
</testng-results>
