<?xml version="1.0" encoding="UTF-8"?>
<testsuite xmlns:xsi="http://www.w3.org/2001/XMLSchema-instance" xsi:noNamespaceSchemaLocation="https://maven.apache.org/surefire/maven-surefire-plugin/xsd/surefire-test-report.xsd" name="TestSuite" time="108.369" tests="151" errors="0" skipped="0" failures="0">
  <properties>
[...]
</properties>
  <testcase name="checkPageName" classname="stepDefinition.AddNewActiveTypeCash" time="0.118"/>
  <testcase name="userFillsValidLogin" classname="stepDefinition.AddNewActiveTypeCash" time="0.16"/>
  <testcase name="userFillsValidPassword" classname="stepDefinition.AddNewActiveTypeCash" time="0.173"/>
  <testcase name="userPushEnterButton" classname="stepDefinition.AddNewActiveTypeCash" time="2.863"/>
  <testcase name="checkModalWindowName" classname="stepDefinition.AddNewActiveTypeCash" time="0.093"/>
  <testcase name="userChooseOrganization" classname="stepDefinition.AddNewActiveTypeCash" time="0.07"/>
  <testcase name="pushChooseButton" classname="stepDefinition.AddNewActiveTypeCash" time="0.111"/>
  <testcase name="checkLogoName" classname="stepDefinition.AddNewActiveTypeCash" time="0.129"/>
  <testcase name="checkOrganizationName" classname="stepDefinition.AddNewActiveTypeCash" time="0.847"/>
  <testcase name="pushSettingsBar" classname="stepDefinition.AddNewActiveTypeCash" time="0.117"/>
  <testcase name="pushReferenceBooks" classname="stepDefinition.AddNewActiveTypeCash" time="3.12"/>
  <testcase name="checkDictionaryName" classname="stepDefinition.AddNewActiveTypeCash" time="1.093"/>
  <testcase name="pushAccountNumber" classname="stepDefinition.AddNewActiveTypeCash" time="0.032"/>
  <testcase name="pushSearchIcon" classname="stepDefinition.AddNewActiveTypeCash" time="4.108"/>
  <testcase name="checkSearchWindow" classname="stepDefinition.AddNewActiveTypeCash" time="0.116"/>
  <testcase name="pushFirstSearchOption" classname="stepDefinition.AddNewActiveTypeCash" time="0.048"/>
  <testcase name="pushSecondSearchOption" classname="stepDefinition.AddNewActiveTypeCash" time="0.072"/>
  <testcase name="fillsSearchOption" classname="stepDefinition.AddNewActiveTypeCash" time="0.105"/>
  <testcase name="pushSearchButton" classname="stepDefinition.AddNewActiveTypeCash" time="0.141"/>
  <testcase name="checkPresenseOfElements" classname="stepDefinition.AddNewActiveTypeCash" time="1.069"/>
  <testcase name="pushCollectionAndMaintenanceofData" classname="stepDefinition.AddNewActiveTypeCash" time="1.073"/>
  <testcase name="pushAssetList" classname="stepDefinition.AddNewActiveTypeCash" time="0.095"/>
  <testcase name="checkAssetListName" classname="stepDefinition.AddNewActiveTypeCash" time="1.083"/>
  <testcase name="pushCreateButton" classname="stepDefinition.AddNewActiveTypeCash" time="0.064"/>
  <testcase name="checkAssetFunctionalType" classname="stepDefinition.AddNewActiveTypeCash" time="0.16"/>
  <testcase name="checkAssetListFirstStep" classname="stepDefinition.AddNewActiveTypeCash" time="0.095"/>
  <testcase name="checkAssetType" classname="stepDefinition.AddNewActiveTypeCash" time="0.074"/>
  <testcase name="checkFOName" classname="stepDefinition.AddNewActiveTypeCash" time="0.031"/>
  <testcase name="checkSelectOrg" classname="stepDefinition.AddNewActiveTypeCash" time="0.031"/>
  <testcase name="pushAssetFunctionalType" classname="stepDefinition.AddNewActiveTypeCash" time="0.048"/>
  <testcase name="pushContinueButton" classname="stepDefinition.AddNewActiveTypeCash" time="0.1"/>
  <testcase name="checkAssetListSecondStep" classname="stepDefinition.AddNewActiveTypeCash" time="1.21"/>
  <testcase name="checkAssetConnectionName" classname="stepDefinition.AddNewActiveTypeCash" time="0.065"/>
  <testcase name="checkInventoryName" classname="stepDefinition.AddNewActiveTypeCash" time="0.062"/>
  <testcase name="checkMainAssetLinks" classname="stepDefinition.AddNewActiveTypeCash" time="0.794"/>
  <testcase name="userFillsAccountNumber" classname="stepDefinition.AddNewActiveTypeCash" time="0.576"/>
  <testcase name="userFillsAssetName" classname="stepDefinition.AddNewActiveTypeCash" time="1.14"/>
  <testcase name="userFillsBalanceInitial" classname="stepDefinition.AddNewActiveTypeCash" time="0.33"/>
  <testcase name="checkCurrency" classname="stepDefinition.AddNewActiveTypeCash" time="4.046"/>
  <testcase name="checkBalanceInitialCurrency" classname="stepDefinition.AddNewActiveTypeCash" time="0.051"/>
  <testcase name="checkCurrentBalanceName" classname="stepDefinition.AddNewActiveTypeCash" time="0.063"/>
  <testcase name="pushReceivingButton" classname="stepDefinition.AddNewActiveTypeCash" time="0.11"/>
  <testcase name="checkCurrentBalanceCurrency" classname="stepDefinition.AddNewActiveTypeCash" time="0.062"/>
  <testcase name="userFillsStartDate" classname="stepDefinition.AddNewActiveTypeCash" time="1.358"/>
  <testcase name="userFillsEndDate" classname="stepDefinition.AddNewActiveTypeCash" time="0.372"/>
  <testcase name="pushSaveButton" classname="stepDefinition.AddNewActiveTypeCash" time="1.777"/>
  <testcase name="pushCollectionAndMaintenanceofDataToCheck" classname="stepDefinition.AddNewActiveTypeCash" time="1.093"/>
  <testcase name="pushAssetListToCheck" classname="stepDefinition.AddNewActiveTypeCash" time="0.173"/>
  <testcase name="pushSearchIconToCheck" classname="stepDefinition.AddNewActiveTypeCash" time="4.13"/>
  <testcase name="checkSearchWindowToCheck" classname="stepDefinition.AddNewActiveTypeCash" time="0.116"/>
  <testcase name="pushFirstSearchOptionToCheck" classname="stepDefinition.AddNewActiveTypeCash" time="0.063"/>
  <testcase name="pushSecondSearchOptionToCheck" classname="stepDefinition.AddNewActiveTypeCash" time="0.087"/>
  <testcase name="fillsSearchOptionToCheck" classname="stepDefinition.AddNewActiveTypeCash" time="0.514"/>
  <testcase name="pushSearchButtonToCheck" classname="stepDefinition.AddNewActiveTypeCash" time="0.46"/>
  <testcase name="checkPresenseOfAsset" classname="stepDefinition.AddNewActiveTypeCash" time="1.027"/>
  <testcase name="pushCheckboxToDelete" classname="stepDefinition.AddNewActiveTypeCash" time="1.112"/>
  <testcase name="pushDeleteButton" classname="stepDefinition.AddNewActiveTypeCash" time="0.096"/>
  <testcase name="pushYesButton" classname="stepDefinition.AddNewActiveTypeCash" time="1.657"/>
  <testcase name="pushCloseButton" classname="stepDefinition.AddNewActiveTypeCash" time="0.064"/>
  <testcase name="pushPreExitButton" classname="stepDefinition.AddNewActiveTypeCash" time="1.079"/>
  <testcase name="pushExitButton" classname="stepDefinition.AddNewActiveTypeCash" time="0.065"/>
  <testcase name="checkPageName" classname="stepDefinition.AddNewContractOfStorage" time="0.063"/>
  <testcase name="userFillsValidLogin" classname="stepDefinition.AddNewContractOfStorage" time="0.114"/>
  <testcase name="userFillsValidPassword" classname="stepDefinition.AddNewContractOfStorage" time="0.11"/>
  <testcase name="userPushEnterButton" classname="stepDefinition.AddNewContractOfStorage" time="2.033"/>
  <testcase name="checkModalWindowName" classname="stepDefinition.AddNewContractOfStorage" time="0.062"/>
  <testcase name="userChooseOrganization" classname="stepDefinition.AddNewContractOfStorage" time="0.053"/>
  <testcase name="pushChooseButton" classname="stepDefinition.AddNewContractOfStorage" time="0.081"/>
  <testcase name="checkLogoName" classname="stepDefinition.AddNewContractOfStorage" time="0.104"/>
  <testcase name="checkOrganizationName" classname="stepDefinition.AddNewContractOfStorage" time="0.805"/>
  <testcase name="pushCollectionAndMaintenanceofData" classname="stepDefinition.AddNewContractOfStorage" time="3.138"/>
  <testcase name="pushDocumentsDLKO" classname="stepDefinition.AddNewContractOfStorage" time="0.089"/>
  <testcase name="checkDocumentsDLKO" classname="stepDefinition.AddNewContractOfStorage" time="1.066"/>
  <testcase name="pushSearchIcon" classname="stepDefinition.AddNewContractOfStorage" time="4.1"/>
  <testcase name="checkSearchWindow" classname="stepDefinition.AddNewContractOfStorage" time="0.111"/>
  <testcase name="pushFirstSearchOptionForDLKO" classname="stepDefinition.AddNewContractOfStorage" time="0.041"/>
  <testcase name="pushSecondSearchOptionForDLKO" classname="stepDefinition.AddNewContractOfStorage" time="0.061"/>
  <testcase name="fillsSearchOptionForDLKO" classname="stepDefinition.AddNewContractOfStorage" time="0.208"/>
  <testcase name="pushSearchButton" classname="stepDefinition.AddNewContractOfStorage" time="0.153"/>
  <testcase name="checkPresenseOfElements" classname="stepDefinition.AddNewContractOfStorage" time="1.054"/>
  <testcase name="pushCheckBox" classname="stepDefinition.AddNewContractOfStorage" time="0.078"/>
  <testcase name="pushStorageButton" classname="stepDefinition.AddNewContractOfStorage" time="0.083"/>
  <testcase name="mouseOnCreateDocumentButton" classname="stepDefinition.AddNewContractOfStorage" time="0.081"/>
  <testcase name="pushDocumentWithBank" classname="stepDefinition.AddNewContractOfStorage" time="0.082"/>
  <testcase name="checkCreatingStrorageDocumentName" classname="stepDefinition.AddNewContractOfStorage" time="1.063"/>
  <testcase name="checkFieldsDisabled" classname="stepDefinition.AddNewContractOfStorage" time="0.061"/>
  <testcase name="checkFirstDisabled" classname="stepDefinition.AddNewContractOfStorage" time="1.027"/>
  <testcase name="checkSecondDisabled" classname="stepDefinition.AddNewContractOfStorage" time="0.031"/>
  <testcase name="checkMainStorageDocumentFields" classname="stepDefinition.AddNewContractOfStorage" time="0.591"/>
  <testcase name="checkBank" classname="stepDefinition.AddNewContractOfStorage" time="0.063"/>
  <testcase name="checkCheckboxesNames" classname="stepDefinition.AddNewContractOfStorage" time="0.171"/>
  <testcase name="pushBankName" classname="stepDefinition.AddNewContractOfStorage" time="0.112"/>
  <testcase name="pushDocumentNumberName" classname="stepDefinition.AddNewContractOfStorage" time="0.219"/>
  <testcase name="pushDocumentDateName" classname="stepDefinition.AddNewContractOfStorage" time="0.339"/>
  <testcase name="pushDocumentTimeName" classname="stepDefinition.AddNewContractOfStorage" time="0.278"/>
  <testcase name="pushTerminateDateName" classname="stepDefinition.AddNewContractOfStorage" time="0.343"/>
  <testcase name="pushCommentName" classname="stepDefinition.AddNewContractOfStorage" time="0.161"/>
  <testcase name="pushCheckboxes" classname="stepDefinition.AddNewContractOfStorage" time="0.241"/>
  <testcase name="pushChooseAdress" classname="stepDefinition.AddNewContractOfStorage" time="0.075"/>
  <testcase name="checkAddressForm" classname="stepDefinition.AddNewContractOfStorage" time="0.634"/>
  <testcase name="pushState" classname="stepDefinition.AddNewContractOfStorage" time="0.048"/>
  <testcase name="fillRegion" classname="stepDefinition.AddNewContractOfStorage" time="0.269"/>
  <testcase name="fillCity" classname="stepDefinition.AddNewContractOfStorage" time="0.225"/>
  <testcase name="fillSettlement" classname="stepDefinition.AddNewContractOfStorage" time="0.282"/>
  <testcase name="fillStreet" classname="stepDefinition.AddNewContractOfStorage" time="0.232"/>
  <testcase name="fillHome" classname="stepDefinition.AddNewContractOfStorage" time="0.136"/>
  <testcase name="fillIndex" classname="stepDefinition.AddNewContractOfStorage" time="0.211"/>
  <testcase name="pushSaveButton" classname="stepDefinition.AddNewContractOfStorage" time="0.11"/>
  <testcase name="pushSaveButtonGlobal" classname="stepDefinition.AddNewContractOfStorage" time="2.487"/>
  <testcase name="pushAssetName" classname="stepDefinition.AddNewContractOfStorage" time="1.085"/>
  <testcase name="checkPresenceOfDocumentByDateAndNumber" classname="stepDefinition.AddNewContractOfStorage" time="0.178"/>
  <testcase name="pushPreExitButton" classname="stepDefinition.AddNewContractOfStorage" time="1.089"/>
  <testcase name="pushExitButton" classname="stepDefinition.AddNewContractOfStorage" time="0.085"/>
  <testcase name="checkPageName" classname="stepDefinition.AuthentificationInvalidDataTestCase" time="0.079"/>
  <testcase name="userFillsLoginFieldInvalid" classname="stepDefinition.AuthentificationInvalidDataTestCase" time="0.076"/>
  <testcase name="userFillsPasswordFieldInvalid" classname="stepDefinition.AuthentificationInvalidDataTestCase" time="0.1"/>
  <testcase name="userPushEnterButton" classname="stepDefinition.AuthentificationInvalidDataTestCase" time="0.121"/>
  <testcase name="checkWrongLoginOrPassword" classname="stepDefinition.AuthentificationInvalidDataTestCase" time="0.07"/>
  <testcase name="checkPageName" classname="stepDefinition.AuthentificationValidDataTestCase" time="0.062"/>
  <testcase name="userFillsValidLogin" classname="stepDefinition.AuthentificationValidDataTestCase" time="0.084"/>
  <testcase name="userFillsValidPassword" classname="stepDefinition.AuthentificationValidDataTestCase" time="0.103"/>
  <testcase name="userPushEnterButton" classname="stepDefinition.AuthentificationValidDataTestCase" time="1.927"/>
  <testcase name="checkModalWindowName" classname="stepDefinition.AuthentificationValidDataTestCase" time="0.078"/>
  <testcase name="userChooseOrganization" classname="stepDefinition.AuthentificationValidDataTestCase" time="0.07"/>
  <testcase name="pushChooseButton" classname="stepDefinition.AuthentificationValidDataTestCase" time="0.076"/>
  <testcase name="checkLogoName" classname="stepDefinition.AuthentificationValidDataTestCase" time="0.106"/>
  <testcase name="checkOrganizationName" classname="stepDefinition.AuthentificationValidDataTestCase" time="0.826"/>
  <testcase name="pushPreExitButton" classname="stepDefinition.AuthentificationValidDataTestCase" time="0.099"/>
  <testcase name="pushExitButton" classname="stepDefinition.AuthentificationValidDataTestCase" time="0.112"/>
  <testcase name="checkPageName" classname="stepDefinition.CheckAccountNumberBegins" time="0.063"/>
  <testcase name="userFillsValidLogin" classname="stepDefinition.CheckAccountNumberBegins" time="0.079"/>
  <testcase name="userFillsValidPassword" classname="stepDefinition.CheckAccountNumberBegins" time="0.099"/>
  <testcase name="userPushEnterButton" classname="stepDefinition.CheckAccountNumberBegins" time="1.776"/>
  <testcase name="checkModalWindowName" classname="stepDefinition.CheckAccountNumberBegins" time="0.078"/>
  <testcase name="userChooseOrganization" classname="stepDefinition.CheckAccountNumberBegins" time="0.055"/>
  <testcase name="pushChooseButton" classname="stepDefinition.CheckAccountNumberBegins" time="0.079"/>
  <testcase name="checkLogoName" classname="stepDefinition.CheckAccountNumberBegins" time="0.085"/>
  <testcase name="checkOrganizationName" classname="stepDefinition.CheckAccountNumberBegins" time="0.343"/>
  <testcase name="pushSettingsBar" classname="stepDefinition.CheckAccountNumberBegins" time="0.562"/>
  <testcase name="pushReferenceBooks" classname="stepDefinition.CheckAccountNumberBegins" time="3.126"/>
  <testcase name="checkDictionaryName" classname="stepDefinition.CheckAccountNumberBegins" time="1.086"/>
  <testcase name="pushAccountNumber" classname="stepDefinition.CheckAccountNumberBegins" time="0.047"/>
  <testcase name="pushSearchIcon" classname="stepDefinition.CheckAccountNumberBegins" time="4.131"/>
  <testcase name="checkSearchWindow" classname="stepDefinition.CheckAccountNumberBegins" time="0.125"/>
  <testcase name="fillsSearchOption" classname="stepDefinition.CheckAccountNumberBegins" time="0.081"/>
  <testcase name="pushFirstSearchOption" classname="stepDefinition.CheckAccountNumberBegins" time="0.063"/>
  <testcase name="pushSecondSearchOption" classname="stepDefinition.CheckAccountNumberBegins" time="0.071"/>
  <testcase name="pushSearchButton" classname="stepDefinition.CheckAccountNumberBegins" time="0.124"/>
  <testcase name="checkPresenseOfElements" classname="stepDefinition.CheckAccountNumberBegins" time="1.048"/>
  <testcase name="pushPreExitButton" classname="stepDefinition.CheckAccountNumberBegins" time="0.064"/>
  <testcase name="pushExitButton" classname="stepDefinition.CheckAccountNumberBegins" time="0.082"/>
</testsuite>